# JRE version: OpenJDK Runtime Environment (8.0_242-b01) (build 1.8.0_242-release-1644-b01)
# Java VM: OpenJDK 64-Bit Server VM (25.242-b01 mixed mode windows-amd64 compressed oops)
Heap:
 PSYoungGen      total 139776K, used 79950K [0x00000000d5580000, 0x00000000df280000, 0x0000000100000000)
  eden space 131584K, 54% used [0x00000000d5580000,0x00000000d9b9e6a0,0x00000000dd600000)
  from space 8192K, 99% used [0x00000000dea80000,0x00000000df2754f0,0x00000000df280000)
  to   space 12288K, 0% used [0x00000000dda80000,0x00000000dda80000,0x00000000de680000)
 ParOldGen       total 60416K, used 15132K [0x0000000080000000, 0x0000000083b00000, 0x00000000d5580000)
  object space 60416K, 25% used [0x0000000080000000,0x0000000080ec72a8,0x0000000083b00000)
 Metaspace       used 45443K, capacity 47312K, committed 47528K, reserved 1089536K
  class space    used 6148K, capacity 6498K, committed 6576K, reserved 1048576K
GC Heap History (10 events):
Event: 3.677 GC heap before
{Heap before GC invocations=8 (full 1):
 PSYoungGen      total 75776K, used 65536K [0x00000000d5580000, 0x00000000dac80000, 0x0000000100000000)
  eden space 65536K, 100% used [0x00000000d5580000,0x00000000d9580000,0x00000000d9580000)
  from space 10240K, 0% used [0x00000000da080000,0x00000000da080000,0x00000000daa80000)
  to   space 11264K, 0% used [0x00000000d9580000,0x00000000d9580000,0x00000000da080000)
 ParOldGen       total 60416K, used 9050K [0x0000000080000000, 0x0000000083b00000, 0x00000000d5580000)
  object space 60416K, 14% used [0x0000000080000000,0x00000000808d6bb8,0x0000000083b00000)
 Metaspace       used 28854K, capacity 29744K, committed 29872K, reserved 1075200K
  class space    used 3997K, capacity 4227K, committed 4272K, reserved 1048576K
Event: 3.687 GC heap after
Heap after GC invocations=8 (full 1):
 PSYoungGen      total 76800K, used 8740K [0x00000000d5580000, 0x00000000dd080000, 0x0000000100000000)
  eden space 65536K, 0% used [0x00000000d5580000,0x00000000d5580000,0x00000000d9580000)
  from space 11264K, 77% used [0x00000000d9580000,0x00000000d9e092e8,0x00000000da080000)
  to   space 11776K, 0% used [0x00000000dc500000,0x00000000dc500000,0x00000000dd080000)
 ParOldGen       total 60416K, used 9058K [0x0000000080000000, 0x0000000083b00000, 0x00000000d5580000)
  object space 60416K, 14% used [0x0000000080000000,0x00000000808d8bb8,0x0000000083b00000)
 Metaspace       used 28854K, capacity 29744K, committed 29872K, reserved 1075200K
  class space    used 3997K, capacity 4227K, committed 4272K, reserved 1048576K
}
Event: 4.234 GC heap before
{Heap before GC invocations=9 (full 1):
 PSYoungGen      total 76800K, used 74276K [0x00000000d5580000, 0x00000000dd080000, 0x0000000100000000)
  eden space 65536K, 100% used [0x00000000d5580000,0x00000000d9580000,0x00000000d9580000)
  from space 11264K, 77% used [0x00000000d9580000,0x00000000d9e092e8,0x00000000da080000)
  to   space 11776K, 0% used [0x00000000dc500000,0x00000000dc500000,0x00000000dd080000)
 ParOldGen       total 60416K, used 9058K [0x0000000080000000, 0x0000000083b00000, 0x00000000d5580000)
  object space 60416K, 14% used [0x0000000080000000,0x00000000808d8bb8,0x0000000083b00000)
 Metaspace       used 32823K, capacity 33850K, committed 33968K, reserved 1079296K
  class space    used 4489K, capacity 4751K, committed 4784K, reserved 1048576K
Event: 4.244 GC heap after
Heap after GC invocations=9 (full 1):
 PSYoungGen      total 113664K, used 9634K [0x00000000d5580000, 0x00000000dd200000, 0x0000000100000000)
  eden space 101888K, 0% used [0x00000000d5580000,0x00000000d5580000,0x00000000db900000)
  from space 11776K, 81% used [0x00000000dc500000,0x00000000dce68a80,0x00000000dd080000)
  to   space 12288K, 0% used [0x00000000db900000,0x00000000db900000,0x00000000dc500000)
 ParOldGen       total 60416K, used 9066K [0x0000000080000000, 0x0000000083b00000, 0x00000000d5580000)
  object space 60416K, 15% used [0x0000000080000000,0x00000000808dabb8,0x0000000083b00000)
 Metaspace       used 32823K, capacity 33850K, committed 33968K, reserved 1079296K
  class space    used 4489K, capacity 4751K, committed 4784K, reserved 1048576K
}
Event: 4.477 GC heap before
{Heap before GC invocations=10 (full 1):
 PSYoungGen      total 113664K, used 39013K [0x00000000d5580000, 0x00000000dd200000, 0x0000000100000000)
  eden space 101888K, 28% used [0x00000000d5580000,0x00000000d7230d60,0x00000000db900000)
  from space 11776K, 81% used [0x00000000dc500000,0x00000000dce68a80,0x00000000dd080000)
  to   space 12288K, 0% used [0x00000000db900000,0x00000000db900000,0x00000000dc500000)
 ParOldGen       total 60416K, used 9066K [0x0000000080000000, 0x0000000083b00000, 0x00000000d5580000)
  object space 60416K, 15% used [0x0000000080000000,0x00000000808dabb8,0x0000000083b00000)
 Metaspace       used 34255K, capacity 35396K, committed 35496K, reserved 1079296K
  class space    used 4719K, capacity 5001K, committed 5040K, reserved 1048576K
Event: 4.486 GC heap after
Heap after GC invocations=10 (full 1):
 PSYoungGen      total 114176K, used 8766K [0x00000000d5580000, 0x00000000df680000, 0x0000000100000000)
  eden space 101888K, 0% used [0x00000000d5580000,0x00000000d5580000,0x00000000db900000)
  from space 12288K, 71% used [0x00000000db900000,0x00000000dc18f858,0x00000000dc500000)
  to   space 12288K, 0% used [0x00000000dea80000,0x00000000dea80000,0x00000000df680000)
 ParOldGen       total 60416K, used 9074K [0x0000000080000000, 0x0000000083b00000, 0x00000000d5580000)
  object space 60416K, 15% used [0x0000000080000000,0x00000000808dcbb8,0x0000000083b00000)
 Metaspace       used 34255K, capacity 35396K, committed 35496K, reserved 1079296K
  class space    used 4719K, capacity 5001K, committed 5040K, reserved 1048576K
}
Event: 4.486 GC heap before
{Heap before GC invocations=11 (full 2):
 PSYoungGen      total 114176K, used 8766K [0x00000000d5580000, 0x00000000df680000, 0x0000000100000000)
  eden space 101888K, 0% used [0x00000000d5580000,0x00000000d5580000,0x00000000db900000)
  from space 12288K, 71% used [0x00000000db900000,0x00000000dc18f858,0x00000000dc500000)
  to   space 12288K, 0% used [0x00000000dea80000,0x00000000dea80000,0x00000000df680000)
 ParOldGen       total 60416K, used 9074K [0x0000000080000000, 0x0000000083b00000, 0x00000000d5580000)
  object space 60416K, 15% used [0x0000000080000000,0x00000000808dcbb8,0x0000000083b00000)
 Metaspace       used 34255K, capacity 35396K, committed 35496K, reserved 1079296K
  class space    used 4719K, capacity 5001K, committed 5040K, reserved 1048576K
Event: 4.532 GC heap after
Heap after GC invocations=11 (full 2):
 PSYoungGen      total 114176K, used 0K [0x00000000d5580000, 0x00000000df680000, 0x0000000100000000)
  eden space 101888K, 0% used [0x00000000d5580000,0x00000000d5580000,0x00000000db900000)
  from space 12288K, 0% used [0x00000000db900000,0x00000000db900000,0x00000000dc500000)
  to   space 12288K, 0% used [0x00000000dea80000,0x00000000dea80000,0x00000000df680000)
 ParOldGen       total 60416K, used 15124K [0x0000000080000000, 0x0000000083b00000, 0x00000000d5580000)
  object space 60416K, 25% used [0x0000000080000000,0x0000000080ec52a8,0x0000000083b00000)
 Metaspace       used 34255K, capacity 35396K, committed 35496K, reserved 1079296K
  class space    used 4719K, capacity 5001K, committed 5040K, reserved 1048576K
}
Event: 5.380 GC heap before
{Heap before GC invocations=12 (full 2):
 PSYoungGen      total 114176K, used 101888K [0x00000000d5580000, 0x00000000df680000, 0x0000000100000000)
  eden space 101888K, 100% used [0x00000000d5580000,0x00000000db900000,0x00000000db900000)
  from space 12288K, 0% used [0x00000000db900000,0x00000000db900000,0x00000000dc500000)
  to   space 12288K, 0% used [0x00000000dea80000,0x00000000dea80000,0x00000000df680000)
 ParOldGen       total 60416K, used 15124K [0x0000000080000000, 0x0000000083b00000, 0x00000000d5580000)
  object space 60416K, 25% used [0x0000000080000000,0x0000000080ec52a8,0x0000000083b00000)
 Metaspace       used 36928K, capacity 38590K, committed 38696K, reserved 1083392K
  class space    used 5096K, capacity 5413K, committed 5424K, reserved 1048576K
Event: 5.389 GC heap after
Heap after GC invocations=12 (full 2):
 PSYoungGen      total 139776K, used 8149K [0x00000000d5580000, 0x00000000df280000, 0x0000000100000000)
  eden space 131584K, 0% used [0x00000000d5580000,0x00000000d5580000,0x00000000dd600000)
  from space 8192K, 99% used [0x00000000dea80000,0x00000000df2754f0,0x00000000df280000)
  to   space 12288K, 0% used [0x00000000dda80000,0x00000000dda80000,0x00000000de680000)
 ParOldGen       total 60416K, used 15132K [0x0000000080000000, 0x0000000083b00000, 0x00000000d5580000)
  object space 60416K, 25% used [0x0000000080000000,0x0000000080ec72a8,0x0000000083b00000)
 Metaspace       used 36928K, capacity 38590K, committed 38696K, reserved 1083392K
  class space    used 5096K, capacity 5413K, committed 5424K, reserved 1048576K
}

