# JRE version: OpenJDK Runtime Environment (8.0_242-b01) (build 1.8.0_242-release-1644-b01)
# Java VM: OpenJDK 64-Bit Server VM (25.242-b01 mixed mode windows-amd64 compressed oops)
Heap:
 PSYoungGen      total 470016K, used 328547K [0x00000000d5580000, 0x00000000fb880000, 0x0000000100000000)
  eden space 399872K, 79% used [0x00000000d5580000,0x00000000e8dc71c8,0x00000000edc00000)
  from space 70144K, 12% used [0x00000000edc00000,0x00000000ee491cb0,0x00000000f2080000)
  to   space 69120K, 0% used [0x00000000f7500000,0x00000000f7500000,0x00000000fb880000)
 ParOldGen       total 235520K, used 169959K [0x0000000080000000, 0x000000008e600000, 0x00000000d5580000)
  object space 235520K, 72% used [0x0000000080000000,0x000000008a5f9e10,0x000000008e600000)
 Metaspace       used 116485K, capacity 124018K, committed 124248K, reserved 1157120K
  class space    used 15490K, capacity 16918K, committed 17024K, reserved 1048576K
GC Heap History (10 events):
Event: 38.930 GC heap before
{Heap before GC invocations=15 (full 4):
 PSYoungGen      total 366592K, used 12142K [0x00000000d5580000, 0x00000000f0d00000, 0x0000000100000000)
  eden space 327680K, 0% used [0x00000000d5580000,0x00000000d5580000,0x00000000e9580000)
  from space 38912K, 31% used [0x00000000e9580000,0x00000000ea15bb60,0x00000000ebb80000)
  to   space 37376K, 0% used [0x00000000ee880000,0x00000000ee880000,0x00000000f0d00000)
 ParOldGen       total 155136K, used 81179K [0x0000000080000000, 0x0000000089780000, 0x00000000d5580000)
  object space 155136K, 52% used [0x0000000080000000,0x0000000084f46d20,0x0000000089780000)
 Metaspace       used 92312K, capacity 98332K, committed 98380K, reserved 1134592K
  class space    used 12427K, capacity 13564K, committed 13568K, reserved 1048576K
Event: 39.124 GC heap after
Heap after GC invocations=15 (full 4):
 PSYoungGen      total 366592K, used 0K [0x00000000d5580000, 0x00000000f0d00000, 0x0000000100000000)
  eden space 327680K, 0% used [0x00000000d5580000,0x00000000d5580000,0x00000000e9580000)
  from space 38912K, 0% used [0x00000000e9580000,0x00000000e9580000,0x00000000ebb80000)
  to   space 37376K, 0% used [0x00000000ee880000,0x00000000ee880000,0x00000000f0d00000)
 ParOldGen       total 235520K, used 62136K [0x0000000080000000, 0x000000008e600000, 0x00000000d5580000)
  object space 235520K, 26% used [0x0000000080000000,0x0000000083cae0d8,0x000000008e600000)
 Metaspace       used 91593K, capacity 96168K, committed 98380K, reserved 1134592K
  class space    used 12198K, capacity 13110K, committed 13568K, reserved 1048576K
}
Event: 42.660 GC heap before
{Heap before GC invocations=16 (full 4):
 PSYoungGen      total 366592K, used 327680K [0x00000000d5580000, 0x00000000f0d00000, 0x0000000100000000)
  eden space 327680K, 100% used [0x00000000d5580000,0x00000000e9580000,0x00000000e9580000)
  from space 38912K, 0% used [0x00000000e9580000,0x00000000e9580000,0x00000000ebb80000)
  to   space 37376K, 0% used [0x00000000ee880000,0x00000000ee880000,0x00000000f0d00000)
 ParOldGen       total 235520K, used 62136K [0x0000000080000000, 0x000000008e600000, 0x00000000d5580000)
  object space 235520K, 26% used [0x0000000080000000,0x0000000083cae0d8,0x000000008e600000)
 Metaspace       used 97865K, capacity 102828K, committed 104280K, reserved 1138688K
  class space    used 12925K, capacity 13918K, committed 14208K, reserved 1048576K
Event: 42.699 GC heap after
Heap after GC invocations=16 (full 4):
 PSYoungGen      total 400384K, used 37345K [0x00000000d5580000, 0x00000000f2c00000, 0x0000000100000000)
  eden space 363008K, 0% used [0x00000000d5580000,0x00000000d5580000,0x00000000eb800000)
  from space 37376K, 99% used [0x00000000ee880000,0x00000000f0cf86b8,0x00000000f0d00000)
  to   space 49664K, 0% used [0x00000000eb800000,0x00000000eb800000,0x00000000ee880000)
 ParOldGen       total 235520K, used 79369K [0x0000000080000000, 0x000000008e600000, 0x00000000d5580000)
  object space 235520K, 33% used [0x0000000080000000,0x0000000084d826f8,0x000000008e600000)
 Metaspace       used 97865K, capacity 102828K, committed 104280K, reserved 1138688K
  class space    used 12925K, capacity 13918K, committed 14208K, reserved 1048576K
}
Event: 49.567 GC heap before
{Heap before GC invocations=17 (full 4):
 PSYoungGen      total 400384K, used 400353K [0x00000000d5580000, 0x00000000f2c00000, 0x0000000100000000)
  eden space 363008K, 100% used [0x00000000d5580000,0x00000000eb800000,0x00000000eb800000)
  from space 37376K, 99% used [0x00000000ee880000,0x00000000f0cf86b8,0x00000000f0d00000)
  to   space 49664K, 0% used [0x00000000eb800000,0x00000000eb800000,0x00000000ee880000)
 ParOldGen       total 235520K, used 79369K [0x0000000080000000, 0x000000008e600000, 0x00000000d5580000)
  object space 235520K, 33% used [0x0000000080000000,0x0000000084d826f8,0x000000008e600000)
 Metaspace       used 104537K, capacity 110528K, committed 110808K, reserved 1144832K
  class space    used 13884K, capacity 15009K, committed 15104K, reserved 1048576K
Event: 49.608 GC heap after
Heap after GC invocations=17 (full 4):
 PSYoungGen      total 412672K, used 33422K [0x00000000d5580000, 0x00000000f5300000, 0x0000000100000000)
  eden space 363008K, 0% used [0x00000000d5580000,0x00000000d5580000,0x00000000eb800000)
  from space 49664K, 67% used [0x00000000eb800000,0x00000000ed8a3958,0x00000000ee880000)
  to   space 51712K, 0% used [0x00000000f2080000,0x00000000f2080000,0x00000000f5300000)
 ParOldGen       total 235520K, used 105295K [0x0000000080000000, 0x000000008e600000, 0x00000000d5580000)
  object space 235520K, 44% used [0x0000000080000000,0x00000000866d3c78,0x000000008e600000)
 Metaspace       used 104537K, capacity 110528K, committed 110808K, reserved 1144832K
  class space    used 13884K, capacity 15009K, committed 15104K, reserved 1048576K
}
Event: 51.124 GC heap before
{Heap before GC invocations=18 (full 4):
 PSYoungGen      total 412672K, used 396430K [0x00000000d5580000, 0x00000000f5300000, 0x0000000100000000)
  eden space 363008K, 100% used [0x00000000d5580000,0x00000000eb800000,0x00000000eb800000)
  from space 49664K, 67% used [0x00000000eb800000,0x00000000ed8a3958,0x00000000ee880000)
  to   space 51712K, 0% used [0x00000000f2080000,0x00000000f2080000,0x00000000f5300000)
 ParOldGen       total 235520K, used 105295K [0x0000000080000000, 0x000000008e600000, 0x00000000d5580000)
  object space 235520K, 44% used [0x0000000080000000,0x00000000866d3c78,0x000000008e600000)
 Metaspace       used 114205K, capacity 121436K, committed 121688K, reserved 1155072K
  class space    used 15255K, capacity 16633K, committed 16768K, reserved 1048576K
Event: 51.187 GC heap after
Heap after GC invocations=18 (full 4):
 PSYoungGen      total 451584K, used 51709K [0x00000000d5580000, 0x00000000f8f80000, 0x0000000100000000)
  eden space 399872K, 0% used [0x00000000d5580000,0x00000000d5580000,0x00000000edc00000)
  from space 51712K, 99% used [0x00000000f2080000,0x00000000f52ff698,0x00000000f5300000)
  to   space 70144K, 0% used [0x00000000edc00000,0x00000000edc00000,0x00000000f2080000)
 ParOldGen       total 235520K, used 132770K [0x0000000080000000, 0x000000008e600000, 0x00000000d5580000)
  object space 235520K, 56% used [0x0000000080000000,0x00000000881a89e0,0x000000008e600000)
 Metaspace       used 114205K, capacity 121436K, committed 121688K, reserved 1155072K
  class space    used 15255K, capacity 16633K, committed 16768K, reserved 1048576K
}
Event: 53.401 GC heap before
{Heap before GC invocations=19 (full 4):
 PSYoungGen      total 451584K, used 451581K [0x00000000d5580000, 0x00000000f8f80000, 0x0000000100000000)
  eden space 399872K, 100% used [0x00000000d5580000,0x00000000edc00000,0x00000000edc00000)
  from space 51712K, 99% used [0x00000000f2080000,0x00000000f52ff698,0x00000000f5300000)
  to   space 70144K, 0% used [0x00000000edc00000,0x00000000edc00000,0x00000000f2080000)
 ParOldGen       total 235520K, used 132770K [0x0000000080000000, 0x000000008e600000, 0x00000000d5580000)
  object space 235520K, 56% used [0x0000000080000000,0x00000000881a89e0,0x000000008e600000)
 Metaspace       used 115718K, capacity 123100K, committed 123352K, reserved 1155072K
  class space    used 15447K, capacity 16831K, committed 16896K, reserved 1048576K
Event: 53.439 GC heap after
Heap after GC invocations=19 (full 4):
 PSYoungGen      total 470016K, used 8775K [0x00000000d5580000, 0x00000000fb880000, 0x0000000100000000)
  eden space 399872K, 0% used [0x00000000d5580000,0x00000000d5580000,0x00000000edc00000)
  from space 70144K, 12% used [0x00000000edc00000,0x00000000ee491cb0,0x00000000f2080000)
  to   space 69120K, 0% used [0x00000000f7500000,0x00000000f7500000,0x00000000fb880000)
 ParOldGen       total 235520K, used 169959K [0x0000000080000000, 0x000000008e600000, 0x00000000d5580000)
  object space 235520K, 72% used [0x0000000080000000,0x000000008a5f9e10,0x000000008e600000)
 Metaspace       used 115718K, capacity 123100K, committed 123352K, reserved 1155072K
  class space    used 15447K, capacity 16831K, committed 16896K, reserved 1048576K
}

