# JRE version: OpenJDK Runtime Environment (8.0_242-b01) (build 1.8.0_242-release-1644-b01)
# Java VM: OpenJDK 64-Bit Server VM (25.242-b01 mixed mode windows-amd64 compressed oops)
Heap:
 PSYoungGen      total 188928K, used 17396K [0x00000000d5580000, 0x00000000e3200000, 0x0000000100000000)
  eden space 179712K, 9% used [0x00000000d5580000,0x00000000d667d0b8,0x00000000e0500000)
  from space 9216K, 0% used [0x00000000e2900000,0x00000000e2900000,0x00000000e3200000)
  to   space 14848K, 0% used [0x00000000e1500000,0x00000000e1500000,0x00000000e2380000)
 ParOldGen       total 57856K, used 33648K [0x0000000080000000, 0x0000000083880000, 0x00000000d5580000)
  object space 57856K, 58% used [0x0000000080000000,0x00000000820dc398,0x0000000083880000)
 Metaspace       used 57397K, capacity 59657K, committed 60056K, reserved 1105920K
  class space    used 7816K, capacity 8282K, committed 8368K, reserved 1048576K
GC Heap History (10 events):
Event: 3.230 GC heap before
{Heap before GC invocations=9 (full 2):
 PSYoungGen      total 138240K, used 7357K [0x00000000d5580000, 0x00000000e3800000, 0x0000000100000000)
  eden space 121856K, 0% used [0x00000000d5580000,0x00000000d5580000,0x00000000dcc80000)
  from space 16384K, 44% used [0x00000000dcc80000,0x00000000dd3af778,0x00000000ddc80000)
  to   space 15360K, 0% used [0x00000000e2900000,0x00000000e2900000,0x00000000e3800000)
 ParOldGen       total 57856K, used 16177K [0x0000000080000000, 0x0000000083880000, 0x00000000d5580000)
  object space 57856K, 27% used [0x0000000080000000,0x0000000080fcc430,0x0000000083880000)
 Metaspace       used 34248K, capacity 35412K, committed 35496K, reserved 1079296K
  class space    used 4719K, capacity 5001K, committed 5040K, reserved 1048576K
Event: 3.276 GC heap after
Heap after GC invocations=9 (full 2):
 PSYoungGen      total 138240K, used 0K [0x00000000d5580000, 0x00000000e3800000, 0x0000000100000000)
  eden space 121856K, 0% used [0x00000000d5580000,0x00000000d5580000,0x00000000dcc80000)
  from space 16384K, 0% used [0x00000000dcc80000,0x00000000dcc80000,0x00000000ddc80000)
  to   space 15360K, 0% used [0x00000000e2900000,0x00000000e2900000,0x00000000e3800000)
 ParOldGen       total 57856K, used 15395K [0x0000000080000000, 0x0000000083880000, 0x00000000d5580000)
  object space 57856K, 26% used [0x0000000080000000,0x0000000080f08d78,0x0000000083880000)
 Metaspace       used 34248K, capacity 35412K, committed 35496K, reserved 1079296K
  class space    used 4719K, capacity 5001K, committed 5040K, reserved 1048576K
}
Event: 3.809 GC heap before
{Heap before GC invocations=10 (full 2):
 PSYoungGen      total 138240K, used 121856K [0x00000000d5580000, 0x00000000e3800000, 0x0000000100000000)
  eden space 121856K, 100% used [0x00000000d5580000,0x00000000dcc80000,0x00000000dcc80000)
  from space 16384K, 0% used [0x00000000dcc80000,0x00000000dcc80000,0x00000000ddc80000)
  to   space 15360K, 0% used [0x00000000e2900000,0x00000000e2900000,0x00000000e3800000)
 ParOldGen       total 57856K, used 15395K [0x0000000080000000, 0x0000000083880000, 0x00000000d5580000)
  object space 57856K, 26% used [0x0000000080000000,0x0000000080f08d78,0x0000000083880000)
 Metaspace       used 37691K, capacity 39434K, committed 39720K, reserved 1083392K
  class space    used 5212K, capacity 5567K, committed 5680K, reserved 1048576K
Event: 3.818 GC heap after
Heap after GC invocations=10 (full 2):
 PSYoungGen      total 188928K, used 9108K [0x00000000d5580000, 0x00000000e3200000, 0x0000000100000000)
  eden space 179712K, 0% used [0x00000000d5580000,0x00000000d5580000,0x00000000e0500000)
  from space 9216K, 98% used [0x00000000e2900000,0x00000000e31e50c8,0x00000000e3200000)
  to   space 14848K, 0% used [0x00000000e1500000,0x00000000e1500000,0x00000000e2380000)
 ParOldGen       total 57856K, used 15403K [0x0000000080000000, 0x0000000083880000, 0x00000000d5580000)
  object space 57856K, 26% used [0x0000000080000000,0x0000000080f0ad78,0x0000000083880000)
 Metaspace       used 37691K, capacity 39434K, committed 39720K, reserved 1083392K
  class space    used 5212K, capacity 5567K, committed 5680K, reserved 1048576K
}
Event: 5.210 GC heap before
{Heap before GC invocations=11 (full 2):
 PSYoungGen      total 188928K, used 188820K [0x00000000d5580000, 0x00000000e3200000, 0x0000000100000000)
  eden space 179712K, 100% used [0x00000000d5580000,0x00000000e0500000,0x00000000e0500000)
  from space 9216K, 98% used [0x00000000e2900000,0x00000000e31e50c8,0x00000000e3200000)
  to   space 14848K, 0% used [0x00000000e1500000,0x00000000e1500000,0x00000000e2380000)
 ParOldGen       total 57856K, used 15403K [0x0000000080000000, 0x0000000083880000, 0x00000000d5580000)
  object space 57856K, 26% used [0x0000000080000000,0x0000000080f0ad78,0x0000000083880000)
 Metaspace       used 53527K, capacity 55663K, committed 55976K, reserved 1101824K
  class space    used 7134K, capacity 7586K, committed 7600K, reserved 1048576K
Event: 5.235 GC heap after
Heap after GC invocations=11 (full 2):
 PSYoungGen      total 194560K, used 14836K [0x00000000d5580000, 0x00000000e3200000, 0x0000000100000000)
  eden space 179712K, 0% used [0x00000000d5580000,0x00000000d5580000,0x00000000e0500000)
  from space 14848K, 99% used [0x00000000e1500000,0x00000000e237d300,0x00000000e2380000)
  to   space 9216K, 0% used [0x00000000e2900000,0x00000000e2900000,0x00000000e3200000)
 ParOldGen       total 57856K, used 28677K [0x0000000080000000, 0x0000000083880000, 0x00000000d5580000)
  object space 57856K, 49% used [0x0000000080000000,0x0000000081c014e8,0x0000000083880000)
 Metaspace       used 53527K, capacity 55663K, committed 55976K, reserved 1101824K
  class space    used 7134K, capacity 7586K, committed 7600K, reserved 1048576K
}
Event: 5.572 GC heap before
{Heap before GC invocations=12 (full 2):
 PSYoungGen      total 194560K, used 46211K [0x00000000d5580000, 0x00000000e3200000, 0x0000000100000000)
  eden space 179712K, 17% used [0x00000000d5580000,0x00000000d7423af8,0x00000000e0500000)
  from space 14848K, 99% used [0x00000000e1500000,0x00000000e237d300,0x00000000e2380000)
  to   space 9216K, 0% used [0x00000000e2900000,0x00000000e2900000,0x00000000e3200000)
 ParOldGen       total 57856K, used 28677K [0x0000000080000000, 0x0000000083880000, 0x00000000d5580000)
  object space 57856K, 49% used [0x0000000080000000,0x0000000081c014e8,0x0000000083880000)
 Metaspace       used 56763K, capacity 59039K, committed 59160K, reserved 1103872K
  class space    used 7706K, capacity 8177K, committed 8240K, reserved 1048576K
Event: 5.631 GC heap after
Heap after GC invocations=12 (full 2):
 PSYoungGen      total 188928K, used 9200K [0x00000000d5580000, 0x00000000e3200000, 0x0000000100000000)
  eden space 179712K, 0% used [0x00000000d5580000,0x00000000d5580000,0x00000000e0500000)
  from space 9216K, 99% used [0x00000000e2900000,0x00000000e31fc040,0x00000000e3200000)
  to   space 14848K, 0% used [0x00000000e1500000,0x00000000e1500000,0x00000000e2380000)
 ParOldGen       total 57856K, used 38291K [0x0000000080000000, 0x0000000083880000, 0x00000000d5580000)
  object space 57856K, 66% used [0x0000000080000000,0x0000000082564c18,0x0000000083880000)
 Metaspace       used 56763K, capacity 59039K, committed 59160K, reserved 1103872K
  class space    used 7706K, capacity 8177K, committed 8240K, reserved 1048576K
}
Event: 5.631 GC heap before
{Heap before GC invocations=13 (full 3):
 PSYoungGen      total 188928K, used 9200K [0x00000000d5580000, 0x00000000e3200000, 0x0000000100000000)
  eden space 179712K, 0% used [0x00000000d5580000,0x00000000d5580000,0x00000000e0500000)
  from space 9216K, 99% used [0x00000000e2900000,0x00000000e31fc040,0x00000000e3200000)
  to   space 14848K, 0% used [0x00000000e1500000,0x00000000e1500000,0x00000000e2380000)
 ParOldGen       total 57856K, used 38291K [0x0000000080000000, 0x0000000083880000, 0x00000000d5580000)
  object space 57856K, 66% used [0x0000000080000000,0x0000000082564c18,0x0000000083880000)
 Metaspace       used 56763K, capacity 59039K, committed 59160K, reserved 1103872K
  class space    used 7706K, capacity 8177K, committed 8240K, reserved 1048576K
Event: 5.842 GC heap after
Heap after GC invocations=13 (full 3):
 PSYoungGen      total 188928K, used 0K [0x00000000d5580000, 0x00000000e3200000, 0x0000000100000000)
  eden space 179712K, 0% used [0x00000000d5580000,0x00000000d5580000,0x00000000e0500000)
  from space 9216K, 0% used [0x00000000e2900000,0x00000000e2900000,0x00000000e3200000)
  to   space 14848K, 0% used [0x00000000e1500000,0x00000000e1500000,0x00000000e2380000)
 ParOldGen       total 57856K, used 33648K [0x0000000080000000, 0x0000000083880000, 0x00000000d5580000)
  object space 57856K, 58% used [0x0000000080000000,0x00000000820dc398,0x0000000083880000)
 Metaspace       used 56695K, capacity 58805K, committed 59160K, reserved 1103872K
  class space    used 7684K, capacity 8138K, committed 8240K, reserved 1048576K
}

