# JRE version: OpenJDK Runtime Environment (8.0_242-b01) (build 1.8.0_242-release-1644-b01)
# Java VM: OpenJDK 64-Bit Server VM (25.242-b01 mixed mode windows-amd64 compressed oops)
Heap:
 PSYoungGen      total 568832K, used 119494K [0x00000000d5580000, 0x0000000100000000, 0x0000000100000000)
  eden space 455680K, 26% used [0x00000000d5580000,0x00000000dca31aa0,0x00000000f1280000)
  from space 113152K, 0% used [0x00000000f1280000,0x00000000f1280000,0x00000000f8100000)
  to   space 115200K, 0% used [0x00000000f8f80000,0x00000000f8f80000,0x0000000100000000)
 ParOldGen       total 323072K, used 84246K [0x0000000080000000, 0x0000000093b80000, 0x00000000d5580000)
  object space 323072K, 26% used [0x0000000080000000,0x00000000852458d8,0x0000000093b80000)
 Metaspace       used 188895K, capacity 199844K, committed 207128K, reserved 1230848K
  class space    used 23253K, capacity 25175K, committed 26416K, reserved 1048576K
GC Heap History (10 events):
Event: 4559.830 GC heap before
{Heap before GC invocations=44 (full 6):
 PSYoungGen      total 545792K, used 545594K [0x00000000d5580000, 0x0000000100000000, 0x0000000100000000)
  eden space 462336K, 100% used [0x00000000d5580000,0x00000000f1900000,0x00000000f1900000)
  from space 83456K, 99% used [0x00000000f1900000,0x00000000f6a4ebc0,0x00000000f6a80000)
  to   space 123904K, 0% used [0x00000000f8700000,0x00000000f8700000,0x0000000100000000)
 ParOldGen       total 323072K, used 236028K [0x0000000080000000, 0x0000000093b80000, 0x00000000d5580000)
  object space 323072K, 73% used [0x0000000080000000,0x000000008e67f158,0x0000000093b80000)
 Metaspace       used 194062K, capacity 206260K, committed 206488K, reserved 1228800K
  class space    used 24039K, capacity 26256K, committed 26288K, reserved 1048576K
Event: 4559.871 GC heap after
Heap after GC invocations=44 (full 6):
 PSYoungGen      total 575488K, used 72109K [0x00000000d5580000, 0x0000000100000000, 0x0000000100000000)
  eden space 451584K, 0% used [0x00000000d5580000,0x00000000d5580000,0x00000000f0e80000)
  from space 123904K, 58% used [0x00000000f8700000,0x00000000fcd6b700,0x0000000100000000)
  to   space 123392K, 0% used [0x00000000f0e80000,0x00000000f0e80000,0x00000000f8700000)
 ParOldGen       total 323072K, used 237291K [0x0000000080000000, 0x0000000093b80000, 0x00000000d5580000)
  object space 323072K, 73% used [0x0000000080000000,0x000000008e7bae88,0x0000000093b80000)
 Metaspace       used 194062K, capacity 206260K, committed 206488K, reserved 1228800K
  class space    used 24039K, capacity 26256K, committed 26288K, reserved 1048576K
}
Event: 4790.117 GC heap before
{Heap before GC invocations=45 (full 6):
 PSYoungGen      total 575488K, used 523693K [0x00000000d5580000, 0x0000000100000000, 0x0000000100000000)
  eden space 451584K, 100% used [0x00000000d5580000,0x00000000f0e80000,0x00000000f0e80000)
  from space 123904K, 58% used [0x00000000f8700000,0x00000000fcd6b700,0x0000000100000000)
  to   space 123392K, 0% used [0x00000000f0e80000,0x00000000f0e80000,0x00000000f8700000)
 ParOldGen       total 323072K, used 237291K [0x0000000080000000, 0x0000000093b80000, 0x00000000d5580000)
  object space 323072K, 73% used [0x0000000080000000,0x000000008e7bae88,0x0000000093b80000)
 Metaspace       used 194236K, capacity 206550K, committed 206744K, reserved 1230848K
  class space    used 24053K, capacity 26283K, committed 26288K, reserved 1048576K
Event: 4790.153 GC heap after
Heap after GC invocations=45 (full 6):
 PSYoungGen      total 508416K, used 56477K [0x00000000d5580000, 0x00000000ff380000, 0x0000000100000000)
  eden space 451584K, 0% used [0x00000000d5580000,0x00000000d5580000,0x00000000f0e80000)
  from space 56832K, 99% used [0x00000000f0e80000,0x00000000f45a77d8,0x00000000f4600000)
  to   space 117248K, 0% used [0x00000000f8100000,0x00000000f8100000,0x00000000ff380000)
 ParOldGen       total 323072K, used 237921K [0x0000000080000000, 0x0000000093b80000, 0x00000000d5580000)
  object space 323072K, 73% used [0x0000000080000000,0x000000008e858488,0x0000000093b80000)
 Metaspace       used 194236K, capacity 206550K, committed 206744K, reserved 1230848K
  class space    used 24053K, capacity 26283K, committed 26288K, reserved 1048576K
}
Event: 4816.326 GC heap before
{Heap before GC invocations=46 (full 6):
 PSYoungGen      total 508416K, used 508061K [0x00000000d5580000, 0x00000000ff380000, 0x0000000100000000)
  eden space 451584K, 100% used [0x00000000d5580000,0x00000000f0e80000,0x00000000f0e80000)
  from space 56832K, 99% used [0x00000000f0e80000,0x00000000f45a77d8,0x00000000f4600000)
  to   space 117248K, 0% used [0x00000000f8100000,0x00000000f8100000,0x00000000ff380000)
 ParOldGen       total 323072K, used 237921K [0x0000000080000000, 0x0000000093b80000, 0x00000000d5580000)
  object space 323072K, 73% used [0x0000000080000000,0x000000008e858488,0x0000000093b80000)
 Metaspace       used 194425K, capacity 206842K, committed 207128K, reserved 1230848K
  class space    used 24073K, capacity 26319K, committed 26416K, reserved 1048576K
Event: 4816.365 GC heap after
Heap after GC invocations=46 (full 6):
 PSYoungGen      total 572928K, used 43058K [0x00000000d5580000, 0x0000000100000000, 0x0000000100000000)
  eden space 455680K, 0% used [0x00000000d5580000,0x00000000d5580000,0x00000000f1280000)
  from space 117248K, 36% used [0x00000000f8100000,0x00000000fab0cb58,0x00000000ff380000)
  to   space 113152K, 0% used [0x00000000f1280000,0x00000000f1280000,0x00000000f8100000)
 ParOldGen       total 323072K, used 238822K [0x0000000080000000, 0x0000000093b80000, 0x00000000d5580000)
  object space 323072K, 73% used [0x0000000080000000,0x000000008e939af8,0x0000000093b80000)
 Metaspace       used 194425K, capacity 206842K, committed 207128K, reserved 1230848K
  class space    used 24073K, capacity 26319K, committed 26416K, reserved 1048576K
}
Event: 5927.407 GC heap before
{Heap before GC invocations=47 (full 6):
 PSYoungGen      total 572928K, used 337556K [0x00000000d5580000, 0x0000000100000000, 0x0000000100000000)
  eden space 455680K, 64% used [0x00000000d5580000,0x00000000e7518598,0x00000000f1280000)
  from space 117248K, 36% used [0x00000000f8100000,0x00000000fab0cb58,0x00000000ff380000)
  to   space 113152K, 0% used [0x00000000f1280000,0x00000000f1280000,0x00000000f8100000)
 ParOldGen       total 323072K, used 238822K [0x0000000080000000, 0x0000000093b80000, 0x00000000d5580000)
  object space 323072K, 73% used [0x0000000080000000,0x000000008e939af8,0x0000000093b80000)
 Metaspace       used 194449K, capacity 206842K, committed 207128K, reserved 1230848K
  class space    used 24073K, capacity 26319K, committed 26416K, reserved 1048576K
Event: 5927.572 GC heap after
Heap after GC invocations=47 (full 6):
 PSYoungGen      total 568832K, used 6973K [0x00000000d5580000, 0x0000000100000000, 0x0000000100000000)
  eden space 455680K, 0% used [0x00000000d5580000,0x00000000d5580000,0x00000000f1280000)
  from space 113152K, 6% used [0x00000000f1280000,0x00000000f194f608,0x00000000f8100000)
  to   space 115200K, 0% used [0x00000000f8f80000,0x00000000f8f80000,0x0000000100000000)
 ParOldGen       total 323072K, used 241112K [0x0000000080000000, 0x0000000093b80000, 0x00000000d5580000)
  object space 323072K, 74% used [0x0000000080000000,0x000000008eb76158,0x0000000093b80000)
 Metaspace       used 194449K, capacity 206842K, committed 207128K, reserved 1230848K
  class space    used 24073K, capacity 26319K, committed 26416K, reserved 1048576K
}
Event: 5927.581 GC heap before
{Heap before GC invocations=48 (full 7):
 PSYoungGen      total 568832K, used 6973K [0x00000000d5580000, 0x0000000100000000, 0x0000000100000000)
  eden space 455680K, 0% used [0x00000000d5580000,0x00000000d5580000,0x00000000f1280000)
  from space 113152K, 6% used [0x00000000f1280000,0x00000000f194f608,0x00000000f8100000)
  to   space 115200K, 0% used [0x00000000f8f80000,0x00000000f8f80000,0x0000000100000000)
 ParOldGen       total 323072K, used 241112K [0x0000000080000000, 0x0000000093b80000, 0x00000000d5580000)
  object space 323072K, 74% used [0x0000000080000000,0x000000008eb76158,0x0000000093b80000)
 Metaspace       used 194449K, capacity 206842K, committed 207128K, reserved 1230848K
  class space    used 24073K, capacity 26319K, committed 26416K, reserved 1048576K
Event: 5936.326 GC heap after
Heap after GC invocations=48 (full 7):
 PSYoungGen      total 568832K, used 0K [0x00000000d5580000, 0x0000000100000000, 0x0000000100000000)
  eden space 455680K, 0% used [0x00000000d5580000,0x00000000d5580000,0x00000000f1280000)
  from space 113152K, 0% used [0x00000000f1280000,0x00000000f1280000,0x00000000f8100000)
  to   space 115200K, 0% used [0x00000000f8f80000,0x00000000f8f80000,0x0000000100000000)
 ParOldGen       total 323072K, used 84246K [0x0000000080000000, 0x0000000093b80000, 0x00000000d5580000)
  object space 323072K, 26% used [0x0000000080000000,0x00000000852458d8,0x0000000093b80000)
 Metaspace       used 188718K, capacity 199664K, committed 207128K, reserved 1230848K
  class space    used 23242K, capacity 25165K, committed 26416K, reserved 1048576K
}

