# JRE version: OpenJDK Runtime Environment (8.0_242-b01) (build 1.8.0_242-release-1644-b01)
# Java VM: OpenJDK 64-Bit Server VM (25.242-b01 mixed mode windows-amd64 compressed oops)
Heap:
 PSYoungGen      total 358912K, used 240418K [0x00000000d5580000, 0x00000000f0c80000, 0x0000000100000000)
  eden space 320512K, 75% used [0x00000000d5580000,0x00000000e4048b08,0x00000000e8e80000)
  from space 38400K, 0% used [0x00000000e8e80000,0x00000000e8e80000,0x00000000eb400000)
  to   space 36352K, 0% used [0x00000000ee900000,0x00000000ee900000,0x00000000f0c80000)
 ParOldGen       total 241152K, used 69809K [0x0000000080000000, 0x000000008eb80000, 0x00000000d5580000)
  object space 241152K, 28% used [0x0000000080000000,0x000000008442c440,0x000000008eb80000)
 Metaspace       used 98049K, capacity 103028K, committed 103640K, reserved 1138688K
  class space    used 12963K, capacity 14012K, committed 14080K, reserved 1048576K
GC Heap History (10 events):
Event: 6.778 GC heap before
{Heap before GC invocations=11 (full 3):
 PSYoungGen      total 306176K, used 19944K [0x00000000d5580000, 0x00000000ea080000, 0x0000000100000000)
  eden space 286208K, 0% used [0x00000000d5580000,0x00000000d5580000,0x00000000e6d00000)
  from space 19968K, 99% used [0x00000000e8580000,0x00000000e98fa3c0,0x00000000e9900000)
  to   space 25088K, 0% used [0x00000000e6d00000,0x00000000e6d00000,0x00000000e8580000)
 ParOldGen       total 100864K, used 22290K [0x0000000080000000, 0x0000000086280000, 0x00000000d5580000)
  object space 100864K, 22% used [0x0000000080000000,0x00000000815c4ae0,0x0000000086280000)
 Metaspace       used 56710K, capacity 59004K, committed 59096K, reserved 1099776K
  class space    used 7462K, capacity 7904K, committed 7936K, reserved 1048576K
Event: 6.980 GC heap after
Heap after GC invocations=11 (full 3):
 PSYoungGen      total 306176K, used 0K [0x00000000d5580000, 0x00000000ea080000, 0x0000000100000000)
  eden space 286208K, 0% used [0x00000000d5580000,0x00000000d5580000,0x00000000e6d00000)
  from space 19968K, 0% used [0x00000000e8580000,0x00000000e8580000,0x00000000e9900000)
  to   space 25088K, 0% used [0x00000000e6d00000,0x00000000e6d00000,0x00000000e8580000)
 ParOldGen       total 155648K, used 38176K [0x0000000080000000, 0x0000000089800000, 0x00000000d5580000)
  object space 155648K, 24% used [0x0000000080000000,0x00000000825483c0,0x0000000089800000)
 Metaspace       used 56628K, capacity 58740K, committed 59096K, reserved 1099776K
  class space    used 7436K, capacity 7858K, committed 7936K, reserved 1048576K
}
Event: 21.016 GC heap before
{Heap before GC invocations=12 (full 3):
 PSYoungGen      total 306176K, used 286208K [0x00000000d5580000, 0x00000000ea080000, 0x0000000100000000)
  eden space 286208K, 100% used [0x00000000d5580000,0x00000000e6d00000,0x00000000e6d00000)
  from space 19968K, 0% used [0x00000000e8580000,0x00000000e8580000,0x00000000e9900000)
  to   space 25088K, 0% used [0x00000000e6d00000,0x00000000e6d00000,0x00000000e8580000)
 ParOldGen       total 155648K, used 38176K [0x0000000080000000, 0x0000000089800000, 0x00000000d5580000)
  object space 155648K, 24% used [0x0000000080000000,0x00000000825483c0,0x0000000089800000)
 Metaspace       used 71483K, capacity 74686K, committed 74840K, reserved 1114112K
  class space    used 9365K, capacity 10052K, committed 10112K, reserved 1048576K
Event: 21.037 GC heap after
Heap after GC invocations=12 (full 3):
 PSYoungGen      total 311296K, used 25084K [0x00000000d5580000, 0x00000000ed080000, 0x0000000100000000)
  eden space 286208K, 0% used [0x00000000d5580000,0x00000000d5580000,0x00000000e6d00000)
  from space 25088K, 99% used [0x00000000e6d00000,0x00000000e857f3f0,0x00000000e8580000)
  to   space 29184K, 0% used [0x00000000eb400000,0x00000000eb400000,0x00000000ed080000)
 ParOldGen       total 155648K, used 38537K [0x0000000080000000, 0x0000000089800000, 0x00000000d5580000)
  object space 155648K, 24% used [0x0000000080000000,0x00000000825a2450,0x0000000089800000)
 Metaspace       used 71483K, capacity 74686K, committed 74840K, reserved 1114112K
  class space    used 9365K, capacity 10052K, committed 10112K, reserved 1048576K
}
Event: 28.307 GC heap before
{Heap before GC invocations=13 (full 3):
 PSYoungGen      total 311296K, used 311292K [0x00000000d5580000, 0x00000000ed080000, 0x0000000100000000)
  eden space 286208K, 100% used [0x00000000d5580000,0x00000000e6d00000,0x00000000e6d00000)
  from space 25088K, 99% used [0x00000000e6d00000,0x00000000e857f3f0,0x00000000e8580000)
  to   space 29184K, 0% used [0x00000000eb400000,0x00000000eb400000,0x00000000ed080000)
 ParOldGen       total 155648K, used 38537K [0x0000000080000000, 0x0000000089800000, 0x00000000d5580000)
  object space 155648K, 24% used [0x0000000080000000,0x00000000825a2450,0x0000000089800000)
 Metaspace       used 87676K, capacity 92918K, committed 93144K, reserved 1130496K
  class space    used 11734K, capacity 12673K, committed 12800K, reserved 1048576K
Event: 28.337 GC heap after
Heap after GC invocations=13 (full 3):
 PSYoungGen      total 349696K, used 29163K [0x00000000d5580000, 0x00000000edc80000, 0x0000000100000000)
  eden space 320512K, 0% used [0x00000000d5580000,0x00000000d5580000,0x00000000e8e80000)
  from space 29184K, 99% used [0x00000000eb400000,0x00000000ed07ac48,0x00000000ed080000)
  to   space 38400K, 0% used [0x00000000e8e80000,0x00000000e8e80000,0x00000000eb400000)
 ParOldGen       total 155648K, used 51469K [0x0000000080000000, 0x0000000089800000, 0x00000000d5580000)
  object space 155648K, 33% used [0x0000000080000000,0x00000000832437e0,0x0000000089800000)
 Metaspace       used 87676K, capacity 92918K, committed 93144K, reserved 1130496K
  class space    used 11734K, capacity 12673K, committed 12800K, reserved 1048576K
}
Event: 29.332 GC heap before
{Heap before GC invocations=14 (full 3):
 PSYoungGen      total 349696K, used 165988K [0x00000000d5580000, 0x00000000edc80000, 0x0000000100000000)
  eden space 320512K, 42% used [0x00000000d5580000,0x00000000ddb1e620,0x00000000e8e80000)
  from space 29184K, 99% used [0x00000000eb400000,0x00000000ed07ac48,0x00000000ed080000)
  to   space 38400K, 0% used [0x00000000e8e80000,0x00000000e8e80000,0x00000000eb400000)
 ParOldGen       total 155648K, used 51469K [0x0000000080000000, 0x0000000089800000, 0x00000000d5580000)
  object space 155648K, 33% used [0x0000000080000000,0x00000000832437e0,0x0000000089800000)
 Metaspace       used 92768K, capacity 98426K, committed 98496K, reserved 1134592K
  class space    used 12366K, capacity 13423K, committed 13440K, reserved 1048576K
Event: 29.366 GC heap after
Heap after GC invocations=14 (full 3):
 PSYoungGen      total 358912K, used 15836K [0x00000000d5580000, 0x00000000f0c80000, 0x0000000100000000)
  eden space 320512K, 0% used [0x00000000d5580000,0x00000000d5580000,0x00000000e8e80000)
  from space 38400K, 41% used [0x00000000e8e80000,0x00000000e9df7010,0x00000000eb400000)
  to   space 36352K, 0% used [0x00000000ee900000,0x00000000ee900000,0x00000000f0c80000)
 ParOldGen       total 155648K, used 79415K [0x0000000080000000, 0x0000000089800000, 0x00000000d5580000)
  object space 155648K, 51% used [0x0000000080000000,0x0000000084d8df88,0x0000000089800000)
 Metaspace       used 92768K, capacity 98426K, committed 98496K, reserved 1134592K
  class space    used 12366K, capacity 13423K, committed 13440K, reserved 1048576K
}
Event: 29.366 GC heap before
{Heap before GC invocations=15 (full 4):
 PSYoungGen      total 358912K, used 15836K [0x00000000d5580000, 0x00000000f0c80000, 0x0000000100000000)
  eden space 320512K, 0% used [0x00000000d5580000,0x00000000d5580000,0x00000000e8e80000)
  from space 38400K, 41% used [0x00000000e8e80000,0x00000000e9df7010,0x00000000eb400000)
  to   space 36352K, 0% used [0x00000000ee900000,0x00000000ee900000,0x00000000f0c80000)
 ParOldGen       total 155648K, used 79415K [0x0000000080000000, 0x0000000089800000, 0x00000000d5580000)
  object space 155648K, 51% used [0x0000000080000000,0x0000000084d8df88,0x0000000089800000)
 Metaspace       used 92768K, capacity 98426K, committed 98496K, reserved 1134592K
  class space    used 12366K, capacity 13423K, committed 13440K, reserved 1048576K
Event: 29.533 GC heap after
Heap after GC invocations=15 (full 4):
 PSYoungGen      total 358912K, used 0K [0x00000000d5580000, 0x00000000f0c80000, 0x0000000100000000)
  eden space 320512K, 0% used [0x00000000d5580000,0x00000000d5580000,0x00000000e8e80000)
  from space 38400K, 0% used [0x00000000e8e80000,0x00000000e8e80000,0x00000000eb400000)
  to   space 36352K, 0% used [0x00000000ee900000,0x00000000ee900000,0x00000000f0c80000)
 ParOldGen       total 241152K, used 69809K [0x0000000080000000, 0x000000008eb80000, 0x00000000d5580000)
  object space 241152K, 28% used [0x0000000080000000,0x000000008442c440,0x000000008eb80000)
 Metaspace       used 92032K, capacity 96168K, committed 98496K, reserved 1134592K
  class space    used 12135K, capacity 12968K, committed 13440K, reserved 1048576K
}

