# JRE version: OpenJDK Runtime Environment (8.0_242-b01) (build 1.8.0_242-release-1644-b01)
# Java VM: OpenJDK 64-Bit Server VM (25.242-b01 mixed mode windows-amd64 compressed oops)
Heap:
 PSYoungGen      total 75776K, used 11170K [0x00000000d5580000, 0x00000000dac80000, 0x0000000100000000)
  eden space 65536K, 8% used [0x00000000d5580000,0x00000000d5a9f1f0,0x00000000d9580000)
  from space 10240K, 57% used [0x00000000da080000,0x00000000da649870,0x00000000daa80000)
  to   space 11264K, 0% used [0x00000000d9580000,0x00000000d9580000,0x00000000da080000)
 ParOldGen       total 60416K, used 15133K [0x0000000080000000, 0x0000000083b00000, 0x00000000d5580000)
  object space 60416K, 25% used [0x0000000080000000,0x0000000080ec74b0,0x0000000083b00000)
 Metaspace       used 36449K, capacity 38070K, committed 38184K, reserved 1081344K
  class space    used 5008K, capacity 5326K, committed 5424K, reserved 1048576K
GC Heap History (10 events):
Event: 2.721 GC heap before
{Heap before GC invocations=8 (full 1):
 PSYoungGen      total 75776K, used 65536K [0x00000000d5580000, 0x00000000dac80000, 0x0000000100000000)
  eden space 65536K, 100% used [0x00000000d5580000,0x00000000d9580000,0x00000000d9580000)
  from space 10240K, 0% used [0x00000000da080000,0x00000000da080000,0x00000000daa80000)
  to   space 11264K, 0% used [0x00000000d9580000,0x00000000d9580000,0x00000000da080000)
 ParOldGen       total 60416K, used 9050K [0x0000000080000000, 0x0000000083b00000, 0x00000000d5580000)
  object space 60416K, 14% used [0x0000000080000000,0x00000000808d6bc8,0x0000000083b00000)
 Metaspace       used 28830K, capacity 29680K, committed 29872K, reserved 1075200K
  class space    used 3991K, capacity 4227K, committed 4272K, reserved 1048576K
Event: 2.736 GC heap after
Heap after GC invocations=8 (full 1):
 PSYoungGen      total 76800K, used 8674K [0x00000000d5580000, 0x00000000dac80000, 0x0000000100000000)
  eden space 65536K, 0% used [0x00000000d5580000,0x00000000d5580000,0x00000000d9580000)
  from space 11264K, 77% used [0x00000000d9580000,0x00000000d9df8800,0x00000000da080000)
  to   space 10240K, 0% used [0x00000000da080000,0x00000000da080000,0x00000000daa80000)
 ParOldGen       total 60416K, used 9058K [0x0000000080000000, 0x0000000083b00000, 0x00000000d5580000)
  object space 60416K, 14% used [0x0000000080000000,0x00000000808d8bc8,0x0000000083b00000)
 Metaspace       used 28830K, capacity 29680K, committed 29872K, reserved 1075200K
  class space    used 3991K, capacity 4227K, committed 4272K, reserved 1048576K
}
Event: 3.085 GC heap before
{Heap before GC invocations=9 (full 1):
 PSYoungGen      total 76800K, used 74210K [0x00000000d5580000, 0x00000000dac80000, 0x0000000100000000)
  eden space 65536K, 100% used [0x00000000d5580000,0x00000000d9580000,0x00000000d9580000)
  from space 11264K, 77% used [0x00000000d9580000,0x00000000d9df8800,0x00000000da080000)
  to   space 10240K, 0% used [0x00000000da080000,0x00000000da080000,0x00000000daa80000)
 ParOldGen       total 60416K, used 9058K [0x0000000080000000, 0x0000000083b00000, 0x00000000d5580000)
  object space 60416K, 14% used [0x0000000080000000,0x00000000808d8bc8,0x0000000083b00000)
 Metaspace       used 32811K, capacity 33818K, committed 33968K, reserved 1079296K
  class space    used 4482K, capacity 4719K, committed 4784K, reserved 1048576K
Event: 3.091 GC heap after
Heap after GC invocations=9 (full 1):
 PSYoungGen      total 75776K, used 9648K [0x00000000d5580000, 0x00000000dac80000, 0x0000000100000000)
  eden space 65536K, 0% used [0x00000000d5580000,0x00000000d5580000,0x00000000d9580000)
  from space 10240K, 94% used [0x00000000da080000,0x00000000da9ec3c8,0x00000000daa80000)
  to   space 11264K, 0% used [0x00000000d9580000,0x00000000d9580000,0x00000000da080000)
 ParOldGen       total 60416K, used 9066K [0x0000000080000000, 0x0000000083b00000, 0x00000000d5580000)
  object space 60416K, 15% used [0x0000000080000000,0x00000000808dabc8,0x0000000083b00000)
 Metaspace       used 32811K, capacity 33818K, committed 33968K, reserved 1079296K
  class space    used 4482K, capacity 4719K, committed 4784K, reserved 1048576K
}
Event: 3.245 GC heap before
{Heap before GC invocations=10 (full 1):
 PSYoungGen      total 75776K, used 39123K [0x00000000d5580000, 0x00000000dac80000, 0x0000000100000000)
  eden space 65536K, 44% used [0x00000000d5580000,0x00000000d7248860,0x00000000d9580000)
  from space 10240K, 94% used [0x00000000da080000,0x00000000da9ec3c8,0x00000000daa80000)
  to   space 11264K, 0% used [0x00000000d9580000,0x00000000d9580000,0x00000000da080000)
 ParOldGen       total 60416K, used 9066K [0x0000000080000000, 0x0000000083b00000, 0x00000000d5580000)
  object space 60416K, 15% used [0x0000000080000000,0x00000000808dabc8,0x0000000083b00000)
 Metaspace       used 34248K, capacity 35396K, committed 35496K, reserved 1079296K
  class space    used 4712K, capacity 5001K, committed 5040K, reserved 1048576K
Event: 3.251 GC heap after
Heap after GC invocations=10 (full 1):
 PSYoungGen      total 76800K, used 8798K [0x00000000d5580000, 0x00000000dac80000, 0x0000000100000000)
  eden space 65536K, 0% used [0x00000000d5580000,0x00000000d5580000,0x00000000d9580000)
  from space 11264K, 78% used [0x00000000d9580000,0x00000000d9e17858,0x00000000da080000)
  to   space 10240K, 0% used [0x00000000da080000,0x00000000da080000,0x00000000daa80000)
 ParOldGen       total 60416K, used 9074K [0x0000000080000000, 0x0000000083b00000, 0x00000000d5580000)
  object space 60416K, 15% used [0x0000000080000000,0x00000000808dcbc8,0x0000000083b00000)
 Metaspace       used 34248K, capacity 35396K, committed 35496K, reserved 1079296K
  class space    used 4712K, capacity 5001K, committed 5040K, reserved 1048576K
}
Event: 3.251 GC heap before
{Heap before GC invocations=11 (full 2):
 PSYoungGen      total 76800K, used 8798K [0x00000000d5580000, 0x00000000dac80000, 0x0000000100000000)
  eden space 65536K, 0% used [0x00000000d5580000,0x00000000d5580000,0x00000000d9580000)
  from space 11264K, 78% used [0x00000000d9580000,0x00000000d9e17858,0x00000000da080000)
  to   space 10240K, 0% used [0x00000000da080000,0x00000000da080000,0x00000000daa80000)
 ParOldGen       total 60416K, used 9074K [0x0000000080000000, 0x0000000083b00000, 0x00000000d5580000)
  object space 60416K, 15% used [0x0000000080000000,0x00000000808dcbc8,0x0000000083b00000)
 Metaspace       used 34248K, capacity 35396K, committed 35496K, reserved 1079296K
  class space    used 4712K, capacity 5001K, committed 5040K, reserved 1048576K
Event: 3.295 GC heap after
Heap after GC invocations=11 (full 2):
 PSYoungGen      total 76800K, used 0K [0x00000000d5580000, 0x00000000dac80000, 0x0000000100000000)
  eden space 65536K, 0% used [0x00000000d5580000,0x00000000d5580000,0x00000000d9580000)
  from space 11264K, 0% used [0x00000000d9580000,0x00000000d9580000,0x00000000da080000)
  to   space 10240K, 0% used [0x00000000da080000,0x00000000da080000,0x00000000daa80000)
 ParOldGen       total 60416K, used 15125K [0x0000000080000000, 0x0000000083b00000, 0x00000000d5580000)
  object space 60416K, 25% used [0x0000000080000000,0x0000000080ec54b0,0x0000000083b00000)
 Metaspace       used 34248K, capacity 35396K, committed 35496K, reserved 1079296K
  class space    used 4712K, capacity 5001K, committed 5040K, reserved 1048576K
}
Event: 3.661 GC heap before
{Heap before GC invocations=12 (full 2):
 PSYoungGen      total 76800K, used 65536K [0x00000000d5580000, 0x00000000dac80000, 0x0000000100000000)
  eden space 65536K, 100% used [0x00000000d5580000,0x00000000d9580000,0x00000000d9580000)
  from space 11264K, 0% used [0x00000000d9580000,0x00000000d9580000,0x00000000da080000)
  to   space 10240K, 0% used [0x00000000da080000,0x00000000da080000,0x00000000daa80000)
 ParOldGen       total 60416K, used 15125K [0x0000000080000000, 0x0000000083b00000, 0x00000000d5580000)
  object space 60416K, 25% used [0x0000000080000000,0x0000000080ec54b0,0x0000000083b00000)
 Metaspace       used 36357K, capacity 37988K, committed 38184K, reserved 1081344K
  class space    used 4998K, capacity 5323K, committed 5424K, reserved 1048576K
Event: 3.667 GC heap after
Heap after GC invocations=12 (full 2):
 PSYoungGen      total 75776K, used 5926K [0x00000000d5580000, 0x00000000dac80000, 0x0000000100000000)
  eden space 65536K, 0% used [0x00000000d5580000,0x00000000d5580000,0x00000000d9580000)
  from space 10240K, 57% used [0x00000000da080000,0x00000000da649870,0x00000000daa80000)
  to   space 11264K, 0% used [0x00000000d9580000,0x00000000d9580000,0x00000000da080000)
 ParOldGen       total 60416K, used 15133K [0x0000000080000000, 0x0000000083b00000, 0x00000000d5580000)
  object space 60416K, 25% used [0x0000000080000000,0x0000000080ec74b0,0x0000000083b00000)
 Metaspace       used 36357K, capacity 37988K, committed 38184K, reserved 1081344K
  class space    used 4998K, capacity 5323K, committed 5424K, reserved 1048576K
}

