# JRE version: OpenJDK Runtime Environment (8.0_242-b01) (build 1.8.0_242-release-1644-b01)
# Java VM: OpenJDK 64-Bit Server VM (25.242-b01 mixed mode windows-amd64 compressed oops)
Heap:
 PSYoungGen      total 239104K, used 50510K [0x00000000d5580000, 0x00000000e7280000, 0x0000000100000000)
  eden space 226304K, 16% used [0x00000000d5580000,0x00000000d7a56928,0x00000000e3280000)
  from space 12800K, 99% used [0x00000000e6600000,0x00000000e727cf60,0x00000000e7280000)
  to   space 16384K, 0% used [0x00000000e5280000,0x00000000e5280000,0x00000000e6280000)
 ParOldGen       total 81920K, used 19258K [0x0000000080000000, 0x0000000085000000, 0x00000000d5580000)
  object space 81920K, 23% used [0x0000000080000000,0x00000000812ce908,0x0000000085000000)
 Metaspace       used 47156K, capacity 49204K, committed 49320K, reserved 1091584K
  class space    used 6376K, capacity 6752K, committed 6832K, reserved 1048576K
GC Heap History (10 events):
Event: 2.050 GC heap before
{Heap before GC invocations=6 (full 1):
 PSYoungGen      total 138240K, used 5108K [0x00000000d5580000, 0x00000000e7280000, 0x0000000100000000)
  eden space 133120K, 0% used [0x00000000d5580000,0x00000000d5580000,0x00000000dd780000)
  from space 5120K, 99% used [0x00000000dd780000,0x00000000ddc7d040,0x00000000ddc80000)
  to   space 12800K, 0% used [0x00000000e6600000,0x00000000e6600000,0x00000000e7280000)
 ParOldGen       total 87552K, used 11040K [0x0000000080000000, 0x0000000085580000, 0x00000000d5580000)
  object space 87552K, 12% used [0x0000000080000000,0x0000000080ac8378,0x0000000085580000)
 Metaspace       used 20589K, capacity 21224K, committed 21296K, reserved 1067008K
  class space    used 2878K, capacity 3076K, committed 3120K, reserved 1048576K
Event: 2.088 GC heap after
Heap after GC invocations=6 (full 1):
 PSYoungGen      total 138240K, used 0K [0x00000000d5580000, 0x00000000e7280000, 0x0000000100000000)
  eden space 133120K, 0% used [0x00000000d5580000,0x00000000d5580000,0x00000000dd780000)
  from space 5120K, 0% used [0x00000000dd780000,0x00000000dd780000,0x00000000ddc80000)
  to   space 12800K, 0% used [0x00000000e6600000,0x00000000e6600000,0x00000000e7280000)
 ParOldGen       total 56320K, used 6862K [0x0000000080000000, 0x0000000083700000, 0x00000000d5580000)
  object space 56320K, 12% used [0x0000000080000000,0x00000000806b3910,0x0000000083700000)
 Metaspace       used 20589K, capacity 21224K, committed 21296K, reserved 1067008K
  class space    used 2878K, capacity 3076K, committed 3120K, reserved 1048576K
}
Event: 2.890 GC heap before
{Heap before GC invocations=7 (full 1):
 PSYoungGen      total 138240K, used 133120K [0x00000000d5580000, 0x00000000e7280000, 0x0000000100000000)
  eden space 133120K, 100% used [0x00000000d5580000,0x00000000dd780000,0x00000000dd780000)
  from space 5120K, 0% used [0x00000000dd780000,0x00000000dd780000,0x00000000ddc80000)
  to   space 12800K, 0% used [0x00000000e6600000,0x00000000e6600000,0x00000000e7280000)
 ParOldGen       total 56320K, used 6862K [0x0000000080000000, 0x0000000083700000, 0x00000000d5580000)
  object space 56320K, 12% used [0x0000000080000000,0x00000000806b3910,0x0000000083700000)
 Metaspace       used 32789K, capacity 33828K, committed 33968K, reserved 1079296K
  class space    used 4476K, capacity 4718K, committed 4784K, reserved 1048576K
Event: 2.900 GC heap after
Heap after GC invocations=7 (full 1):
 PSYoungGen      total 239104K, used 12774K [0x00000000d5580000, 0x00000000e7280000, 0x0000000100000000)
  eden space 226304K, 0% used [0x00000000d5580000,0x00000000d5580000,0x00000000e3280000)
  from space 12800K, 99% used [0x00000000e6600000,0x00000000e7279930,0x00000000e7280000)
  to   space 16384K, 0% used [0x00000000e5280000,0x00000000e5280000,0x00000000e6280000)
 ParOldGen       total 56320K, used 8710K [0x0000000080000000, 0x0000000083700000, 0x00000000d5580000)
  object space 56320K, 15% used [0x0000000080000000,0x0000000080881ba8,0x0000000083700000)
 Metaspace       used 32789K, capacity 33828K, committed 33968K, reserved 1079296K
  class space    used 4476K, capacity 4718K, committed 4784K, reserved 1048576K
}
Event: 3.064 GC heap before
{Heap before GC invocations=8 (full 1):
 PSYoungGen      total 239104K, used 44818K [0x00000000d5580000, 0x00000000e7280000, 0x0000000100000000)
  eden space 226304K, 14% used [0x00000000d5580000,0x00000000d74cb2c0,0x00000000e3280000)
  from space 12800K, 99% used [0x00000000e6600000,0x00000000e7279930,0x00000000e7280000)
  to   space 16384K, 0% used [0x00000000e5280000,0x00000000e5280000,0x00000000e6280000)
 ParOldGen       total 56320K, used 8710K [0x0000000080000000, 0x0000000083700000, 0x00000000d5580000)
  object space 56320K, 15% used [0x0000000080000000,0x0000000080881ba8,0x0000000083700000)
 Metaspace       used 34254K, capacity 35412K, committed 35496K, reserved 1079296K
  class space    used 4712K, capacity 5001K, committed 5040K, reserved 1048576K
Event: 3.072 GC heap after
Heap after GC invocations=8 (full 1):
 PSYoungGen      total 242688K, used 8810K [0x00000000d5580000, 0x00000000e7280000, 0x0000000100000000)
  eden space 226304K, 0% used [0x00000000d5580000,0x00000000d5580000,0x00000000e3280000)
  from space 16384K, 53% used [0x00000000e5280000,0x00000000e5b1a9c0,0x00000000e6280000)
  to   space 12800K, 0% used [0x00000000e6600000,0x00000000e6600000,0x00000000e7280000)
 ParOldGen       total 56320K, used 8718K [0x0000000080000000, 0x0000000083700000, 0x00000000d5580000)
  object space 56320K, 15% used [0x0000000080000000,0x0000000080883ba8,0x0000000083700000)
 Metaspace       used 34254K, capacity 35412K, committed 35496K, reserved 1079296K
  class space    used 4712K, capacity 5001K, committed 5040K, reserved 1048576K
}
Event: 3.072 GC heap before
{Heap before GC invocations=9 (full 2):
 PSYoungGen      total 242688K, used 8810K [0x00000000d5580000, 0x00000000e7280000, 0x0000000100000000)
  eden space 226304K, 0% used [0x00000000d5580000,0x00000000d5580000,0x00000000e3280000)
  from space 16384K, 53% used [0x00000000e5280000,0x00000000e5b1a9c0,0x00000000e6280000)
  to   space 12800K, 0% used [0x00000000e6600000,0x00000000e6600000,0x00000000e7280000)
 ParOldGen       total 56320K, used 8718K [0x0000000080000000, 0x0000000083700000, 0x00000000d5580000)
  object space 56320K, 15% used [0x0000000080000000,0x0000000080883ba8,0x0000000083700000)
 Metaspace       used 34254K, capacity 35412K, committed 35496K, reserved 1079296K
  class space    used 4712K, capacity 5001K, committed 5040K, reserved 1048576K
Event: 3.115 GC heap after
Heap after GC invocations=9 (full 2):
 PSYoungGen      total 242688K, used 0K [0x00000000d5580000, 0x00000000e7280000, 0x0000000100000000)
  eden space 226304K, 0% used [0x00000000d5580000,0x00000000d5580000,0x00000000e3280000)
  from space 16384K, 0% used [0x00000000e5280000,0x00000000e5280000,0x00000000e6280000)
  to   space 12800K, 0% used [0x00000000e6600000,0x00000000e6600000,0x00000000e7280000)
 ParOldGen       total 81920K, used 15370K [0x0000000080000000, 0x0000000085000000, 0x00000000d5580000)
  object space 81920K, 18% used [0x0000000080000000,0x0000000080f02988,0x0000000085000000)
 Metaspace       used 34254K, capacity 35412K, committed 35496K, reserved 1079296K
  class space    used 4712K, capacity 5001K, committed 5040K, reserved 1048576K
}
Event: 4.147 GC heap before
{Heap before GC invocations=10 (full 2):
 PSYoungGen      total 242688K, used 226304K [0x00000000d5580000, 0x00000000e7280000, 0x0000000100000000)
  eden space 226304K, 100% used [0x00000000d5580000,0x00000000e3280000,0x00000000e3280000)
  from space 16384K, 0% used [0x00000000e5280000,0x00000000e5280000,0x00000000e6280000)
  to   space 12800K, 0% used [0x00000000e6600000,0x00000000e6600000,0x00000000e7280000)
 ParOldGen       total 81920K, used 15370K [0x0000000080000000, 0x0000000085000000, 0x00000000d5580000)
  object space 81920K, 18% used [0x0000000080000000,0x0000000080f02988,0x0000000085000000)
 Metaspace       used 45476K, capacity 47412K, committed 47528K, reserved 1089536K
  class space    used 6154K, capacity 6512K, committed 6576K, reserved 1048576K
Event: 4.158 GC heap after
Heap after GC invocations=10 (full 2):
 PSYoungGen      total 239104K, used 12787K [0x00000000d5580000, 0x00000000e7280000, 0x0000000100000000)
  eden space 226304K, 0% used [0x00000000d5580000,0x00000000d5580000,0x00000000e3280000)
  from space 12800K, 99% used [0x00000000e6600000,0x00000000e727cf60,0x00000000e7280000)
  to   space 16384K, 0% used [0x00000000e5280000,0x00000000e5280000,0x00000000e6280000)
 ParOldGen       total 81920K, used 19258K [0x0000000080000000, 0x0000000085000000, 0x00000000d5580000)
  object space 81920K, 23% used [0x0000000080000000,0x00000000812ce908,0x0000000085000000)
 Metaspace       used 45476K, capacity 47412K, committed 47528K, reserved 1089536K
  class space    used 6154K, capacity 6512K, committed 6576K, reserved 1048576K
}

