# JRE version: OpenJDK Runtime Environment (8.0_242-b01) (build 1.8.0_242-release-1644-b01)
# Java VM: OpenJDK 64-Bit Server VM (25.242-b01 mixed mode windows-amd64 compressed oops)
Heap:
 PSYoungGen      total 287232K, used 106494K [0x00000000d5580000, 0x00000000ee100000, 0x0000000100000000)
  eden space 219136K, 17% used [0x00000000d5580000,0x00000000d7affe58,0x00000000e2b80000)
  from space 68096K, 99% used [0x00000000e7d80000,0x00000000ebfff9e0,0x00000000ec000000)
  to   space 83968K, 0% used [0x00000000e2b80000,0x00000000e2b80000,0x00000000e7d80000)
 ParOldGen       total 340480K, used 176604K [0x0000000080000000, 0x0000000094c80000, 0x00000000d5580000)
  object space 340480K, 51% used [0x0000000080000000,0x000000008ac77380,0x0000000094c80000)
 Metaspace       used 94552K, capacity 99376K, committed 99480K, reserved 1134592K
  class space    used 12728K, capacity 13675K, committed 13744K, reserved 1048576K
GC Heap History (10 events):
Event: 11.073 GC heap before
{Heap before GC invocations=18 (full 3):
 PSYoungGen      total 219136K, used 214335K [0x00000000d5580000, 0x00000000e4180000, 0x0000000100000000)
  eden space 199168K, 100% used [0x00000000d5580000,0x00000000e1800000,0x00000000e1800000)
  from space 19968K, 75% used [0x00000000e2c80000,0x00000000e3b4ffe0,0x00000000e4000000)
  to   space 20992K, 0% used [0x00000000e1800000,0x00000000e1800000,0x00000000e2c80000)
 ParOldGen       total 145920K, used 46183K [0x0000000080000000, 0x0000000088e80000, 0x00000000d5580000)
  object space 145920K, 31% used [0x0000000080000000,0x0000000082d19dc8,0x0000000088e80000)
 Metaspace       used 82678K, capacity 86930K, committed 87192K, reserved 1124352K
  class space    used 11078K, capacity 11840K, committed 11952K, reserved 1048576K
Event: 11.102 GC heap after
Heap after GC invocations=18 (full 3):
 PSYoungGen      total 220160K, used 20960K [0x00000000d5580000, 0x00000000e7d80000, 0x0000000100000000)
  eden space 199168K, 0% used [0x00000000d5580000,0x00000000d5580000,0x00000000e1800000)
  from space 20992K, 99% used [0x00000000e1800000,0x00000000e2c78050,0x00000000e2c80000)
  to   space 34304K, 0% used [0x00000000e5c00000,0x00000000e5c00000,0x00000000e7d80000)
 ParOldGen       total 145920K, used 74921K [0x0000000080000000, 0x0000000088e80000, 0x00000000d5580000)
  object space 145920K, 51% used [0x0000000080000000,0x000000008492a5c8,0x0000000088e80000)
 Metaspace       used 82678K, capacity 86930K, committed 87192K, reserved 1124352K
  class space    used 11078K, capacity 11840K, committed 11952K, reserved 1048576K
}
Event: 11.526 GC heap before
{Heap before GC invocations=19 (full 3):
 PSYoungGen      total 220160K, used 220128K [0x00000000d5580000, 0x00000000e7d80000, 0x0000000100000000)
  eden space 199168K, 100% used [0x00000000d5580000,0x00000000e1800000,0x00000000e1800000)
  from space 20992K, 99% used [0x00000000e1800000,0x00000000e2c78050,0x00000000e2c80000)
  to   space 34304K, 0% used [0x00000000e5c00000,0x00000000e5c00000,0x00000000e7d80000)
 ParOldGen       total 145920K, used 74921K [0x0000000080000000, 0x0000000088e80000, 0x00000000d5580000)
  object space 145920K, 51% used [0x0000000080000000,0x000000008492a5c8,0x0000000088e80000)
 Metaspace       used 83957K, capacity 88256K, committed 88600K, reserved 1126400K
  class space    used 11195K, capacity 11979K, committed 12080K, reserved 1048576K
Event: 11.605 GC heap after
Heap after GC invocations=19 (full 3):
 PSYoungGen      total 230912K, used 34294K [0x00000000d5580000, 0x00000000eea00000, 0x0000000100000000)
  eden space 196608K, 0% used [0x00000000d5580000,0x00000000d5580000,0x00000000e1580000)
  from space 34304K, 99% used [0x00000000e5c00000,0x00000000e7d7d8f8,0x00000000e7d80000)
  to   space 72192K, 0% used [0x00000000e1580000,0x00000000e1580000,0x00000000e5c00000)
 ParOldGen       total 163328K, used 163211K [0x0000000080000000, 0x0000000089f80000, 0x00000000d5580000)
  object space 163328K, 99% used [0x0000000080000000,0x0000000089f62f48,0x0000000089f80000)
 Metaspace       used 83957K, capacity 88256K, committed 88600K, reserved 1126400K
  class space    used 11195K, capacity 11979K, committed 12080K, reserved 1048576K
}
Event: 11.605 GC heap before
{Heap before GC invocations=20 (full 4):
 PSYoungGen      total 230912K, used 34294K [0x00000000d5580000, 0x00000000eea00000, 0x0000000100000000)
  eden space 196608K, 0% used [0x00000000d5580000,0x00000000d5580000,0x00000000e1580000)
  from space 34304K, 99% used [0x00000000e5c00000,0x00000000e7d7d8f8,0x00000000e7d80000)
  to   space 72192K, 0% used [0x00000000e1580000,0x00000000e1580000,0x00000000e5c00000)
 ParOldGen       total 163328K, used 163211K [0x0000000080000000, 0x0000000089f80000, 0x00000000d5580000)
  object space 163328K, 99% used [0x0000000080000000,0x0000000089f62f48,0x0000000089f80000)
 Metaspace       used 83957K, capacity 88256K, committed 88600K, reserved 1126400K
  class space    used 11195K, capacity 11979K, committed 12080K, reserved 1048576K
Event: 12.005 GC heap after
Heap after GC invocations=20 (full 4):
 PSYoungGen      total 230912K, used 1523K [0x00000000d5580000, 0x00000000eea00000, 0x0000000100000000)
  eden space 196608K, 0% used [0x00000000d5580000,0x00000000d5580000,0x00000000e1580000)
  from space 34304K, 4% used [0x00000000e5c00000,0x00000000e5d7cce8,0x00000000e7d80000)
  to   space 72192K, 0% used [0x00000000e1580000,0x00000000e1580000,0x00000000e5c00000)
 ParOldGen       total 340480K, used 163082K [0x0000000080000000, 0x0000000094c80000, 0x00000000d5580000)
  object space 340480K, 47% used [0x0000000080000000,0x0000000089f42ae8,0x0000000094c80000)
 Metaspace       used 83488K, capacity 86868K, committed 88600K, reserved 1126400K
  class space    used 11046K, capacity 11717K, committed 12080K, reserved 1048576K
}
Event: 13.882 GC heap before
{Heap before GC invocations=21 (full 4):
 PSYoungGen      total 230912K, used 198131K [0x00000000d5580000, 0x00000000eea00000, 0x0000000100000000)
  eden space 196608K, 100% used [0x00000000d5580000,0x00000000e1580000,0x00000000e1580000)
  from space 34304K, 4% used [0x00000000e5c00000,0x00000000e5d7cce8,0x00000000e7d80000)
  to   space 72192K, 0% used [0x00000000e1580000,0x00000000e1580000,0x00000000e5c00000)
 ParOldGen       total 340480K, used 163082K [0x0000000080000000, 0x0000000094c80000, 0x00000000d5580000)
  object space 340480K, 47% used [0x0000000080000000,0x0000000089f42ae8,0x0000000094c80000)
 Metaspace       used 84942K, capacity 88494K, committed 89752K, reserved 1126400K
  class space    used 11225K, capacity 11964K, committed 12208K, reserved 1048576K
Event: 13.922 GC heap after
Heap after GC invocations=21 (full 4):
 PSYoungGen      total 268800K, used 26207K [0x00000000d5580000, 0x00000000ec000000, 0x0000000100000000)
  eden space 196608K, 0% used [0x00000000d5580000,0x00000000d5580000,0x00000000e1580000)
  from space 72192K, 36% used [0x00000000e1580000,0x00000000e2f17de8,0x00000000e5c00000)
  to   space 68096K, 0% used [0x00000000e7d80000,0x00000000e7d80000,0x00000000ec000000)
 ParOldGen       total 340480K, used 164650K [0x0000000080000000, 0x0000000094c80000, 0x00000000d5580000)
  object space 340480K, 48% used [0x0000000080000000,0x000000008a0caae8,0x0000000094c80000)
 Metaspace       used 84942K, capacity 88494K, committed 89752K, reserved 1126400K
  class space    used 11225K, capacity 11964K, committed 12208K, reserved 1048576K
}
Event: 15.613 GC heap before
{Heap before GC invocations=22 (full 4):
 PSYoungGen      total 268800K, used 222815K [0x00000000d5580000, 0x00000000ec000000, 0x0000000100000000)
  eden space 196608K, 100% used [0x00000000d5580000,0x00000000e1580000,0x00000000e1580000)
  from space 72192K, 36% used [0x00000000e1580000,0x00000000e2f17de8,0x00000000e5c00000)
  to   space 68096K, 0% used [0x00000000e7d80000,0x00000000e7d80000,0x00000000ec000000)
 ParOldGen       total 340480K, used 164650K [0x0000000080000000, 0x0000000094c80000, 0x00000000d5580000)
  object space 340480K, 48% used [0x0000000080000000,0x000000008a0caae8,0x0000000094c80000)
 Metaspace       used 94342K, capacity 99094K, committed 99224K, reserved 1134592K
  class space    used 12717K, capacity 13662K, committed 13744K, reserved 1048576K
Event: 15.715 GC heap after
Heap after GC invocations=22 (full 4):
 PSYoungGen      total 287232K, used 68094K [0x00000000d5580000, 0x00000000ee100000, 0x0000000100000000)
  eden space 219136K, 0% used [0x00000000d5580000,0x00000000d5580000,0x00000000e2b80000)
  from space 68096K, 99% used [0x00000000e7d80000,0x00000000ebfff9e0,0x00000000ec000000)
  to   space 83968K, 0% used [0x00000000e2b80000,0x00000000e2b80000,0x00000000e7d80000)
 ParOldGen       total 340480K, used 176604K [0x0000000080000000, 0x0000000094c80000, 0x00000000d5580000)
  object space 340480K, 51% used [0x0000000080000000,0x000000008ac77380,0x0000000094c80000)
 Metaspace       used 94342K, capacity 99094K, committed 99224K, reserved 1134592K
  class space    used 12717K, capacity 13662K, committed 13744K, reserved 1048576K
}

