# JRE version: OpenJDK Runtime Environment (8.0_242-b01) (build 1.8.0_242-release-1644-b01)
# Java VM: OpenJDK 64-Bit Server VM (25.242-b01 mixed mode windows-amd64 compressed oops)
Heap:
 PSYoungGen      total 523776K, used 160958K [0x00000000d5580000, 0x00000000fb500000, 0x0000000100000000)
  eden space 476672K, 33% used [0x00000000d5580000,0x00000000df2afad0,0x00000000f2700000)
  from space 47104K, 0% used [0x00000000f8700000,0x00000000f8700000,0x00000000fb500000)
  to   space 33792K, 0% used [0x00000000f2700000,0x00000000f2700000,0x00000000f4800000)
 ParOldGen       total 177664K, used 58671K [0x0000000080000000, 0x000000008ad80000, 0x00000000d5580000)
  object space 177664K, 33% used [0x0000000080000000,0x000000008394bfc0,0x000000008ad80000)
 Metaspace       used 95166K, capacity 99816K, committed 101696K, reserved 1136640K
  class space    used 12553K, capacity 13530K, committed 13912K, reserved 1048576K
GC Heap History (10 events):
Event: 7.129 GC heap before
{Heap before GC invocations=12 (full 3):
 PSYoungGen      total 401920K, used 20973K [0x00000000d5580000, 0x00000000f6900000, 0x0000000100000000)
  eden space 380928K, 0% used [0x00000000d5580000,0x00000000d5580000,0x00000000ec980000)
  from space 20992K, 99% used [0x00000000ec980000,0x00000000eddfb478,0x00000000ede00000)
  to   space 26112K, 0% used [0x00000000f4f80000,0x00000000f4f80000,0x00000000f6900000)
 ParOldGen       total 82944K, used 26835K [0x0000000080000000, 0x0000000085100000, 0x00000000d5580000)
  object space 82944K, 32% used [0x0000000080000000,0x0000000081a34fb8,0x0000000085100000)
 Metaspace       used 56461K, capacity 58998K, committed 59096K, reserved 1099776K
  class space    used 7565K, capacity 8085K, committed 8152K, reserved 1048576K
Event: 7.360 GC heap after
Heap after GC invocations=12 (full 3):
 PSYoungGen      total 401920K, used 0K [0x00000000d5580000, 0x00000000f6900000, 0x0000000100000000)
  eden space 380928K, 0% used [0x00000000d5580000,0x00000000d5580000,0x00000000ec980000)
  from space 20992K, 0% used [0x00000000ec980000,0x00000000ec980000,0x00000000ede00000)
  to   space 26112K, 0% used [0x00000000f4f80000,0x00000000f4f80000,0x00000000f6900000)
 ParOldGen       total 133632K, used 39643K [0x0000000080000000, 0x0000000088280000, 0x00000000d5580000)
  object space 133632K, 29% used [0x0000000080000000,0x00000000826b6c20,0x0000000088280000)
 Metaspace       used 56385K, capacity 58740K, committed 59096K, reserved 1099776K
  class space    used 7542K, capacity 8042K, committed 8152K, reserved 1048576K
}
Event: 11.024 GC heap before
{Heap before GC invocations=13 (full 3):
 PSYoungGen      total 401920K, used 380928K [0x00000000d5580000, 0x00000000f6900000, 0x0000000100000000)
  eden space 380928K, 100% used [0x00000000d5580000,0x00000000ec980000,0x00000000ec980000)
  from space 20992K, 0% used [0x00000000ec980000,0x00000000ec980000,0x00000000ede00000)
  to   space 26112K, 0% used [0x00000000f4f80000,0x00000000f4f80000,0x00000000f6900000)
 ParOldGen       total 133632K, used 39643K [0x0000000080000000, 0x0000000088280000, 0x00000000d5580000)
  object space 133632K, 29% used [0x0000000080000000,0x00000000826b6c20,0x0000000088280000)
 Metaspace       used 77534K, capacity 82180K, committed 82520K, reserved 1120256K
  class space    used 10751K, capacity 11533K, committed 11608K, reserved 1048576K
Event: 11.052 GC heap after
Heap after GC invocations=13 (full 3):
 PSYoungGen      total 481280K, used 26082K [0x00000000d5580000, 0x00000000f6900000, 0x0000000100000000)
  eden space 455168K, 0% used [0x00000000d5580000,0x00000000d5580000,0x00000000f1200000)
  from space 26112K, 99% used [0x00000000f4f80000,0x00000000f68f8b88,0x00000000f6900000)
  to   space 33792K, 0% used [0x00000000f2700000,0x00000000f2700000,0x00000000f4800000)
 ParOldGen       total 133632K, used 48578K [0x0000000080000000, 0x0000000088280000, 0x00000000d5580000)
  object space 133632K, 36% used [0x0000000080000000,0x0000000082f70b40,0x0000000088280000)
 Metaspace       used 77534K, capacity 82180K, committed 82520K, reserved 1120256K
  class space    used 10751K, capacity 11533K, committed 11608K, reserved 1048576K
}
Event: 87.779 GC heap before
{Heap before GC invocations=14 (full 3):
 PSYoungGen      total 481280K, used 481250K [0x00000000d5580000, 0x00000000f6900000, 0x0000000100000000)
  eden space 455168K, 100% used [0x00000000d5580000,0x00000000f1200000,0x00000000f1200000)
  from space 26112K, 99% used [0x00000000f4f80000,0x00000000f68f8b88,0x00000000f6900000)
  to   space 33792K, 0% used [0x00000000f2700000,0x00000000f2700000,0x00000000f4800000)
 ParOldGen       total 133632K, used 48578K [0x0000000080000000, 0x0000000088280000, 0x00000000d5580000)
  object space 133632K, 36% used [0x0000000080000000,0x0000000082f70b40,0x0000000088280000)
 Metaspace       used 92508K, capacity 98462K, committed 98496K, reserved 1134592K
  class space    used 12379K, capacity 13519K, committed 13528K, reserved 1048576K
Event: 87.824 GC heap after
Heap after GC invocations=14 (full 3):
 PSYoungGen      total 510464K, used 33784K [0x00000000d5580000, 0x00000000fb500000, 0x0000000100000000)
  eden space 476672K, 0% used [0x00000000d5580000,0x00000000d5580000,0x00000000f2700000)
  from space 33792K, 99% used [0x00000000f2700000,0x00000000f47fe0d8,0x00000000f4800000)
  to   space 47104K, 0% used [0x00000000f8700000,0x00000000f8700000,0x00000000fb500000)
 ParOldGen       total 133632K, used 70961K [0x0000000080000000, 0x0000000088280000, 0x00000000d5580000)
  object space 133632K, 53% used [0x0000000080000000,0x000000008454c730,0x0000000088280000)
 Metaspace       used 92508K, capacity 98462K, committed 98496K, reserved 1134592K
  class space    used 12379K, capacity 13519K, committed 13528K, reserved 1048576K
}
Event: 87.848 GC heap before
{Heap before GC invocations=15 (full 3):
 PSYoungGen      total 510464K, used 43317K [0x00000000d5580000, 0x00000000fb500000, 0x0000000100000000)
  eden space 476672K, 2% used [0x00000000d5580000,0x00000000d5ecf688,0x00000000f2700000)
  from space 33792K, 99% used [0x00000000f2700000,0x00000000f47fe0d8,0x00000000f4800000)
  to   space 47104K, 0% used [0x00000000f8700000,0x00000000f8700000,0x00000000fb500000)
 ParOldGen       total 133632K, used 70961K [0x0000000080000000, 0x0000000088280000, 0x00000000d5580000)
  object space 133632K, 53% used [0x0000000080000000,0x000000008454c730,0x0000000088280000)
 Metaspace       used 92591K, capacity 98490K, committed 98496K, reserved 1134592K
  class space    used 12399K, capacity 13525K, committed 13528K, reserved 1048576K
Event: 87.874 GC heap after
Heap after GC invocations=15 (full 3):
 PSYoungGen      total 523776K, used 416K [0x00000000d5580000, 0x00000000fb500000, 0x0000000100000000)
  eden space 476672K, 0% used [0x00000000d5580000,0x00000000d5580000,0x00000000f2700000)
  from space 47104K, 0% used [0x00000000f8700000,0x00000000f8768000,0x00000000fb500000)
  to   space 33792K, 0% used [0x00000000f2700000,0x00000000f2700000,0x00000000f4800000)
 ParOldGen       total 133632K, used 98768K [0x0000000080000000, 0x0000000088280000, 0x00000000d5580000)
  object space 133632K, 73% used [0x0000000080000000,0x0000000086074138,0x0000000088280000)
 Metaspace       used 92591K, capacity 98490K, committed 98496K, reserved 1134592K
  class space    used 12399K, capacity 13525K, committed 13528K, reserved 1048576K
}
Event: 87.874 GC heap before
{Heap before GC invocations=16 (full 4):
 PSYoungGen      total 523776K, used 416K [0x00000000d5580000, 0x00000000fb500000, 0x0000000100000000)
  eden space 476672K, 0% used [0x00000000d5580000,0x00000000d5580000,0x00000000f2700000)
  from space 47104K, 0% used [0x00000000f8700000,0x00000000f8768000,0x00000000fb500000)
  to   space 33792K, 0% used [0x00000000f2700000,0x00000000f2700000,0x00000000f4800000)
 ParOldGen       total 133632K, used 98768K [0x0000000080000000, 0x0000000088280000, 0x00000000d5580000)
  object space 133632K, 73% used [0x0000000080000000,0x0000000086074138,0x0000000088280000)
 Metaspace       used 92591K, capacity 98490K, committed 98496K, reserved 1134592K
  class space    used 12399K, capacity 13525K, committed 13528K, reserved 1048576K
Event: 88.032 GC heap after
Heap after GC invocations=16 (full 4):
 PSYoungGen      total 523776K, used 0K [0x00000000d5580000, 0x00000000fb500000, 0x0000000100000000)
  eden space 476672K, 0% used [0x00000000d5580000,0x00000000d5580000,0x00000000f2700000)
  from space 47104K, 0% used [0x00000000f8700000,0x00000000f8700000,0x00000000fb500000)
  to   space 33792K, 0% used [0x00000000f2700000,0x00000000f2700000,0x00000000f4800000)
 ParOldGen       total 177664K, used 58671K [0x0000000080000000, 0x000000008ad80000, 0x00000000d5580000)
  object space 177664K, 33% used [0x0000000080000000,0x000000008394bfc0,0x000000008ad80000)
 Metaspace       used 91860K, capacity 96310K, committed 98496K, reserved 1134592K
  class space    used 12169K, capacity 13097K, committed 13528K, reserved 1048576K
}

