# JRE version: OpenJDK Runtime Environment (8.0_242-b01) (build 1.8.0_242-release-1644-b01)
# Java VM: OpenJDK 64-Bit Server VM (25.242-b01 mixed mode windows-amd64 compressed oops)
Heap:
 PSYoungGen      total 75776K, used 27906K [0x00000000d5580000, 0x00000000dac80000, 0x0000000100000000)
  eden space 65536K, 26% used [0x00000000d5580000,0x00000000d66c4350,0x00000000d9580000)
  from space 10240K, 99% used [0x00000000da080000,0x00000000daa7c718,0x00000000daa80000)
  to   space 11264K, 0% used [0x00000000d9580000,0x00000000d9580000,0x00000000da080000)
 ParOldGen       total 56320K, used 19942K [0x0000000080000000, 0x0000000083700000, 0x00000000d5580000)
  object space 56320K, 35% used [0x0000000080000000,0x0000000081379910,0x0000000083700000)
 Metaspace       used 52445K, capacity 54194K, committed 54440K, reserved 1105920K
  class space    used 6947K, capacity 7317K, committed 7344K, reserved 1048576K
GC Heap History (10 events):
Event: 5.018 GC heap before
{Heap before GC invocations=30 (full 11):
 PSYoungGen      total 76800K, used 160K [0x00000000d5580000, 0x00000000dac80000, 0x0000000100000000)
  eden space 65536K, 0% used [0x00000000d5580000,0x00000000d5580000,0x00000000d9580000)
  from space 11264K, 1% used [0x00000000d9580000,0x00000000d95a8000,0x00000000da080000)
  to   space 10240K, 0% used [0x00000000da080000,0x00000000da080000,0x00000000daa80000)
 ParOldGen       total 56320K, used 16808K [0x0000000080000000, 0x0000000083700000, 0x00000000d5580000)
  object space 56320K, 29% used [0x0000000080000000,0x000000008106a1f0,0x0000000083700000)
 Metaspace       used 39971K, capacity 41446K, committed 42024K, reserved 1099776K
  class space    used 5488K, capacity 5801K, committed 5936K, reserved 1048576K
Event: 5.057 GC heap after
Heap after GC invocations=30 (full 11):
 PSYoungGen      total 76800K, used 0K [0x00000000d5580000, 0x00000000dac80000, 0x0000000100000000)
  eden space 65536K, 0% used [0x00000000d5580000,0x00000000d5580000,0x00000000d9580000)
  from space 11264K, 0% used [0x00000000d9580000,0x00000000d9580000,0x00000000da080000)
  to   space 10240K, 0% used [0x00000000da080000,0x00000000da080000,0x00000000daa80000)
 ParOldGen       total 56320K, used 16533K [0x0000000080000000, 0x0000000083700000, 0x00000000d5580000)
  object space 56320K, 29% used [0x0000000080000000,0x00000000810255f0,0x0000000083700000)
 Metaspace       used 39971K, capacity 41446K, committed 42024K, reserved 1095680K
  class space    used 5488K, capacity 5801K, committed 5936K, reserved 1048576K
}
Event: 5.057 GC heap before
{Heap before GC invocations=31 (full 11):
 PSYoungGen      total 76800K, used 0K [0x00000000d5580000, 0x00000000dac80000, 0x0000000100000000)
  eden space 65536K, 0% used [0x00000000d5580000,0x00000000d5580000,0x00000000d9580000)
  from space 11264K, 0% used [0x00000000d9580000,0x00000000d9580000,0x00000000da080000)
  to   space 10240K, 0% used [0x00000000da080000,0x00000000da080000,0x00000000daa80000)
 ParOldGen       total 56320K, used 16533K [0x0000000080000000, 0x0000000083700000, 0x00000000d5580000)
  object space 56320K, 29% used [0x0000000080000000,0x00000000810255f0,0x0000000083700000)
 Metaspace       used 39971K, capacity 41446K, committed 42024K, reserved 1099776K
  class space    used 5488K, capacity 5801K, committed 5936K, reserved 1048576K
Event: 5.059 GC heap after
Heap after GC invocations=31 (full 11):
 PSYoungGen      total 75776K, used 0K [0x00000000d5580000, 0x00000000dac80000, 0x0000000100000000)
  eden space 65536K, 0% used [0x00000000d5580000,0x00000000d5580000,0x00000000d9580000)
  from space 10240K, 0% used [0x00000000da080000,0x00000000da080000,0x00000000daa80000)
  to   space 11264K, 0% used [0x00000000d9580000,0x00000000d9580000,0x00000000da080000)
 ParOldGen       total 56320K, used 16533K [0x0000000080000000, 0x0000000083700000, 0x00000000d5580000)
  object space 56320K, 29% used [0x0000000080000000,0x00000000810255f0,0x0000000083700000)
 Metaspace       used 39971K, capacity 41446K, committed 42024K, reserved 1099776K
  class space    used 5488K, capacity 5801K, committed 5936K, reserved 1048576K
}
Event: 5.059 GC heap before
{Heap before GC invocations=32 (full 12):
 PSYoungGen      total 75776K, used 0K [0x00000000d5580000, 0x00000000dac80000, 0x0000000100000000)
  eden space 65536K, 0% used [0x00000000d5580000,0x00000000d5580000,0x00000000d9580000)
  from space 10240K, 0% used [0x00000000da080000,0x00000000da080000,0x00000000daa80000)
  to   space 11264K, 0% used [0x00000000d9580000,0x00000000d9580000,0x00000000da080000)
 ParOldGen       total 56320K, used 16533K [0x0000000080000000, 0x0000000083700000, 0x00000000d5580000)
  object space 56320K, 29% used [0x0000000080000000,0x00000000810255f0,0x0000000083700000)
 Metaspace       used 39971K, capacity 41446K, committed 42024K, reserved 1099776K
  class space    used 5488K, capacity 5801K, committed 5936K, reserved 1048576K
Event: 5.165 GC heap after
Heap after GC invocations=32 (full 12):
 PSYoungGen      total 75776K, used 0K [0x00000000d5580000, 0x00000000dac80000, 0x0000000100000000)
  eden space 65536K, 0% used [0x00000000d5580000,0x00000000d5580000,0x00000000d9580000)
  from space 10240K, 0% used [0x00000000da080000,0x00000000da080000,0x00000000daa80000)
  to   space 11264K, 0% used [0x00000000d9580000,0x00000000d9580000,0x00000000da080000)
 ParOldGen       total 56320K, used 16497K [0x0000000080000000, 0x0000000083700000, 0x00000000d5580000)
  object space 56320K, 29% used [0x0000000080000000,0x000000008101c4e8,0x0000000083700000)
 Metaspace       used 39971K, capacity 41446K, committed 42024K, reserved 1095680K
  class space    used 5488K, capacity 5801K, committed 5936K, reserved 1048576K
}
Event: 5.720 GC heap before
{Heap before GC invocations=33 (full 12):
 PSYoungGen      total 75776K, used 65536K [0x00000000d5580000, 0x00000000dac80000, 0x0000000100000000)
  eden space 65536K, 100% used [0x00000000d5580000,0x00000000d9580000,0x00000000d9580000)
  from space 10240K, 0% used [0x00000000da080000,0x00000000da080000,0x00000000daa80000)
  to   space 11264K, 0% used [0x00000000d9580000,0x00000000d9580000,0x00000000da080000)
 ParOldGen       total 56320K, used 16497K [0x0000000080000000, 0x0000000083700000, 0x00000000d5580000)
  object space 56320K, 29% used [0x0000000080000000,0x000000008101c4e8,0x0000000083700000)
 Metaspace       used 46629K, capacity 48222K, committed 48680K, reserved 1099776K
  class space    used 6283K, capacity 6583K, committed 6704K, reserved 1048576K
Event: 5.735 GC heap after
Heap after GC invocations=33 (full 12):
 PSYoungGen      total 76800K, used 8817K [0x00000000d5580000, 0x00000000dac80000, 0x0000000100000000)
  eden space 65536K, 0% used [0x00000000d5580000,0x00000000d5580000,0x00000000d9580000)
  from space 11264K, 78% used [0x00000000d9580000,0x00000000d9e1c458,0x00000000da080000)
  to   space 10240K, 0% used [0x00000000da080000,0x00000000da080000,0x00000000daa80000)
 ParOldGen       total 56320K, used 16505K [0x0000000080000000, 0x0000000083700000, 0x00000000d5580000)
  object space 56320K, 29% used [0x0000000080000000,0x000000008101e4e8,0x0000000083700000)
 Metaspace       used 46629K, capacity 48222K, committed 48680K, reserved 1099776K
  class space    used 6283K, capacity 6583K, committed 6704K, reserved 1048576K
}
Event: 6.439 GC heap before
{Heap before GC invocations=34 (full 12):
 PSYoungGen      total 76800K, used 74353K [0x00000000d5580000, 0x00000000dac80000, 0x0000000100000000)
  eden space 65536K, 100% used [0x00000000d5580000,0x00000000d9580000,0x00000000d9580000)
  from space 11264K, 78% used [0x00000000d9580000,0x00000000d9e1c458,0x00000000da080000)
  to   space 10240K, 0% used [0x00000000da080000,0x00000000da080000,0x00000000daa80000)
 ParOldGen       total 56320K, used 16505K [0x0000000080000000, 0x0000000083700000, 0x00000000d5580000)
  object space 56320K, 29% used [0x0000000080000000,0x000000008101e4e8,0x0000000083700000)
 Metaspace       used 52251K, capacity 53968K, committed 54440K, reserved 1105920K
  class space    used 6934K, capacity 7283K, committed 7344K, reserved 1048576K
Event: 6.455 GC heap after
Heap after GC invocations=34 (full 12):
 PSYoungGen      total 75776K, used 10225K [0x00000000d5580000, 0x00000000dac80000, 0x0000000100000000)
  eden space 65536K, 0% used [0x00000000d5580000,0x00000000d5580000,0x00000000d9580000)
  from space 10240K, 99% used [0x00000000da080000,0x00000000daa7c718,0x00000000daa80000)
  to   space 11264K, 0% used [0x00000000d9580000,0x00000000d9580000,0x00000000da080000)
 ParOldGen       total 56320K, used 19942K [0x0000000080000000, 0x0000000083700000, 0x00000000d5580000)
  object space 56320K, 35% used [0x0000000080000000,0x0000000081379910,0x0000000083700000)
 Metaspace       used 52251K, capacity 53968K, committed 54440K, reserved 1105920K
  class space    used 6934K, capacity 7283K, committed 7344K, reserved 1048576K
}

