# JRE version: OpenJDK Runtime Environment (8.0_242-b01) (build 1.8.0_242-release-1644-b01)
# Java VM: OpenJDK 64-Bit Server VM (25.242-b01 mixed mode windows-amd64 compressed oops)
Heap:
 PSYoungGen      total 170496K, used 103922K [0x00000000d5580000, 0x00000000e2a00000, 0x0000000100000000)
  eden space 147968K, 55% used [0x00000000d5580000,0x00000000da500950,0x00000000de600000)
  from space 22528K, 99% used [0x00000000e1400000,0x00000000e29fbf80,0x00000000e2a00000)
  to   space 22016K, 0% used [0x00000000de600000,0x00000000de600000,0x00000000dfb80000)
 ParOldGen       total 151552K, used 43511K [0x0000000080000000, 0x0000000089400000, 0x00000000d5580000)
  object space 151552K, 28% used [0x0000000080000000,0x0000000082a7de98,0x0000000089400000)
 Metaspace       used 71583K, capacity 75218K, committed 75544K, reserved 1114112K
  class space    used 9730K, capacity 10412K, committed 10528K, reserved 1048576K
GC Heap History (10 events):
Event: 8.687 GC heap before
{Heap before GC invocations=13 (full 2):
 PSYoungGen      total 133632K, used 133245K [0x00000000d5580000, 0x00000000def80000, 0x0000000100000000)
  eden space 125440K, 100% used [0x00000000d5580000,0x00000000dd000000,0x00000000dd000000)
  from space 8192K, 95% used [0x00000000de780000,0x00000000def1f638,0x00000000def80000)
  to   space 12288K, 0% used [0x00000000dd780000,0x00000000dd780000,0x00000000de380000)
 ParOldGen       total 94208K, used 15177K [0x0000000080000000, 0x0000000085c00000, 0x00000000d5580000)
  object space 94208K, 16% used [0x0000000080000000,0x0000000080ed2758,0x0000000085c00000)
 Metaspace       used 50220K, capacity 52058K, committed 52392K, reserved 1095680K
  class space    used 6691K, capacity 7055K, committed 7088K, reserved 1048576K
Event: 8.705 GC heap after
Heap after GC invocations=13 (full 2):
 PSYoungGen      total 145408K, used 12284K [0x00000000d5580000, 0x00000000e0c00000, 0x0000000100000000)
  eden space 133120K, 0% used [0x00000000d5580000,0x00000000d5580000,0x00000000dd780000)
  from space 12288K, 99% used [0x00000000dd780000,0x00000000de37f350,0x00000000de380000)
  to   space 16896K, 0% used [0x00000000dfb80000,0x00000000dfb80000,0x00000000e0c00000)
 ParOldGen       total 94208K, used 24210K [0x0000000080000000, 0x0000000085c00000, 0x00000000d5580000)
  object space 94208K, 25% used [0x0000000080000000,0x00000000817a4900,0x0000000085c00000)
 Metaspace       used 50220K, capacity 52058K, committed 52392K, reserved 1095680K
  class space    used 6691K, capacity 7055K, committed 7088K, reserved 1048576K
}
Event: 9.747 GC heap before
{Heap before GC invocations=14 (full 2):
 PSYoungGen      total 145408K, used 110034K [0x00000000d5580000, 0x00000000e0c00000, 0x0000000100000000)
  eden space 133120K, 73% used [0x00000000d5580000,0x00000000db4f56f0,0x00000000dd780000)
  from space 12288K, 99% used [0x00000000dd780000,0x00000000de37f350,0x00000000de380000)
  to   space 16896K, 0% used [0x00000000dfb80000,0x00000000dfb80000,0x00000000e0c00000)
 ParOldGen       total 94208K, used 24210K [0x0000000080000000, 0x0000000085c00000, 0x00000000d5580000)
  object space 94208K, 25% used [0x0000000080000000,0x00000000817a4900,0x0000000085c00000)
 Metaspace       used 56924K, capacity 59068K, committed 59160K, reserved 1099776K
  class space    used 7700K, capacity 8177K, committed 8224K, reserved 1048576K
Event: 9.775 GC heap after
Heap after GC invocations=14 (full 2):
 PSYoungGen      total 164864K, used 16886K [0x00000000d5580000, 0x00000000e2200000, 0x0000000100000000)
  eden space 147968K, 0% used [0x00000000d5580000,0x00000000d5580000,0x00000000de600000)
  from space 16896K, 99% used [0x00000000dfb80000,0x00000000e0bfdb70,0x00000000e0c00000)
  to   space 22016K, 0% used [0x00000000de600000,0x00000000de600000,0x00000000dfb80000)
 ParOldGen       total 94208K, used 31525K [0x0000000080000000, 0x0000000085c00000, 0x00000000d5580000)
  object space 94208K, 33% used [0x0000000080000000,0x0000000081ec96d0,0x0000000085c00000)
 Metaspace       used 56924K, capacity 59068K, committed 59160K, reserved 1099776K
  class space    used 7700K, capacity 8177K, committed 8224K, reserved 1048576K
}
Event: 9.775 GC heap before
{Heap before GC invocations=15 (full 3):
 PSYoungGen      total 164864K, used 16886K [0x00000000d5580000, 0x00000000e2200000, 0x0000000100000000)
  eden space 147968K, 0% used [0x00000000d5580000,0x00000000d5580000,0x00000000de600000)
  from space 16896K, 99% used [0x00000000dfb80000,0x00000000e0bfdb70,0x00000000e0c00000)
  to   space 22016K, 0% used [0x00000000de600000,0x00000000de600000,0x00000000dfb80000)
 ParOldGen       total 94208K, used 31525K [0x0000000080000000, 0x0000000085c00000, 0x00000000d5580000)
  object space 94208K, 33% used [0x0000000080000000,0x0000000081ec96d0,0x0000000085c00000)
 Metaspace       used 56924K, capacity 59068K, committed 59160K, reserved 1099776K
  class space    used 7700K, capacity 8177K, committed 8224K, reserved 1048576K
Event: 10.096 GC heap after
Heap after GC invocations=15 (full 3):
 PSYoungGen      total 164864K, used 0K [0x00000000d5580000, 0x00000000e2200000, 0x0000000100000000)
  eden space 147968K, 0% used [0x00000000d5580000,0x00000000d5580000,0x00000000de600000)
  from space 16896K, 0% used [0x00000000dfb80000,0x00000000dfb80000,0x00000000e0c00000)
  to   space 22016K, 0% used [0x00000000de600000,0x00000000de600000,0x00000000dfb80000)
 ParOldGen       total 151552K, used 36745K [0x0000000080000000, 0x0000000089400000, 0x00000000d5580000)
  object space 151552K, 24% used [0x0000000080000000,0x00000000823e25d0,0x0000000089400000)
 Metaspace       used 56911K, capacity 59026K, committed 59160K, reserved 1099776K
  class space    used 7696K, capacity 8170K, committed 8224K, reserved 1048576K
}
Event: 12.116 GC heap before
{Heap before GC invocations=16 (full 3):
 PSYoungGen      total 164864K, used 147968K [0x00000000d5580000, 0x00000000e2200000, 0x0000000100000000)
  eden space 147968K, 100% used [0x00000000d5580000,0x00000000de600000,0x00000000de600000)
  from space 16896K, 0% used [0x00000000dfb80000,0x00000000dfb80000,0x00000000e0c00000)
  to   space 22016K, 0% used [0x00000000de600000,0x00000000de600000,0x00000000dfb80000)
 ParOldGen       total 151552K, used 36745K [0x0000000080000000, 0x0000000089400000, 0x00000000d5580000)
  object space 151552K, 24% used [0x0000000080000000,0x00000000823e25d0,0x0000000089400000)
 Metaspace       used 66109K, capacity 69326K, committed 69528K, reserved 1110016K
  class space    used 9170K, capacity 9776K, committed 9888K, reserved 1048576K
Event: 12.131 GC heap after
Heap after GC invocations=16 (full 3):
 PSYoungGen      total 169984K, used 15410K [0x00000000d5580000, 0x00000000e2a00000, 0x0000000100000000)
  eden space 147968K, 0% used [0x00000000d5580000,0x00000000d5580000,0x00000000de600000)
  from space 22016K, 69% used [0x00000000de600000,0x00000000df50ca90,0x00000000dfb80000)
  to   space 22528K, 0% used [0x00000000e1400000,0x00000000e1400000,0x00000000e2a00000)
 ParOldGen       total 151552K, used 36753K [0x0000000080000000, 0x0000000089400000, 0x00000000d5580000)
  object space 151552K, 24% used [0x0000000080000000,0x00000000823e45d0,0x0000000089400000)
 Metaspace       used 66109K, capacity 69326K, committed 69528K, reserved 1110016K
  class space    used 9170K, capacity 9776K, committed 9888K, reserved 1048576K
}
Event: 13.710 GC heap before
{Heap before GC invocations=17 (full 3):
 PSYoungGen      total 169984K, used 163378K [0x00000000d5580000, 0x00000000e2a00000, 0x0000000100000000)
  eden space 147968K, 100% used [0x00000000d5580000,0x00000000de600000,0x00000000de600000)
  from space 22016K, 69% used [0x00000000de600000,0x00000000df50ca90,0x00000000dfb80000)
  to   space 22528K, 0% used [0x00000000e1400000,0x00000000e1400000,0x00000000e2a00000)
 ParOldGen       total 151552K, used 36753K [0x0000000080000000, 0x0000000089400000, 0x00000000d5580000)
  object space 151552K, 24% used [0x0000000080000000,0x00000000823e45d0,0x0000000089400000)
 Metaspace       used 70124K, capacity 73718K, committed 73752K, reserved 1112064K
  class space    used 9585K, capacity 10258K, committed 10272K, reserved 1048576K
Event: 13.738 GC heap after
Heap after GC invocations=17 (full 3):
 PSYoungGen      total 170496K, used 22511K [0x00000000d5580000, 0x00000000e2a00000, 0x0000000100000000)
  eden space 147968K, 0% used [0x00000000d5580000,0x00000000d5580000,0x00000000de600000)
  from space 22528K, 99% used [0x00000000e1400000,0x00000000e29fbf80,0x00000000e2a00000)
  to   space 22016K, 0% used [0x00000000de600000,0x00000000de600000,0x00000000dfb80000)
 ParOldGen       total 151552K, used 43511K [0x0000000080000000, 0x0000000089400000, 0x00000000d5580000)
  object space 151552K, 28% used [0x0000000080000000,0x0000000082a7de98,0x0000000089400000)
 Metaspace       used 70124K, capacity 73718K, committed 73752K, reserved 1112064K
  class space    used 9585K, capacity 10258K, committed 10272K, reserved 1048576K
}

