# JRE version: OpenJDK Runtime Environment (8.0_242-b01) (build 1.8.0_242-release-1644-b01)
# Java VM: OpenJDK 64-Bit Server VM (25.242-b01 mixed mode windows-amd64 compressed oops)
Heap:
 PSYoungGen      total 252416K, used 166678K [0x00000000d5580000, 0x00000000e7380000, 0x0000000100000000)
  eden space 236032K, 70% used [0x00000000d5580000,0x00000000df8458b8,0x00000000e3c00000)
  from space 16384K, 0% used [0x00000000e5380000,0x00000000e5380000,0x00000000e6380000)
  to   space 13312K, 0% used [0x00000000e6680000,0x00000000e6680000,0x00000000e7380000)
 ParOldGen       total 82432K, used 15163K [0x0000000080000000, 0x0000000085080000, 0x00000000d5580000)
  object space 82432K, 18% used [0x0000000080000000,0x0000000080eceef0,0x0000000085080000)
 Metaspace       used 37539K, capacity 39268K, committed 39336K, reserved 1083392K
  class space    used 5187K, capacity 5534K, committed 5552K, reserved 1048576K
GC Heap History (10 events):
Event: 2.217 GC heap before
{Heap before GC invocations=5 (full 0):
 PSYoungGen      total 138240K, used 12318K [0x00000000d5580000, 0x00000000de180000, 0x0000000100000000)
  eden space 133120K, 5% used [0x00000000d5580000,0x00000000d5c8f928,0x00000000dd780000)
  from space 5120K, 99% used [0x00000000ddc80000,0x00000000de178030,0x00000000de180000)
  to   space 5120K, 0% used [0x00000000dd780000,0x00000000dd780000,0x00000000ddc80000)
 ParOldGen       total 87552K, used 10913K [0x0000000080000000, 0x0000000085580000, 0x00000000d5580000)
  object space 87552K, 12% used [0x0000000080000000,0x0000000080aa8698,0x0000000085580000)
 Metaspace       used 20582K, capacity 21224K, committed 21296K, reserved 1067008K
  class space    used 2878K, capacity 3076K, committed 3120K, reserved 1048576K
Event: 2.222 GC heap after
Heap after GC invocations=5 (full 0):
 PSYoungGen      total 138240K, used 5108K [0x00000000d5580000, 0x00000000e7380000, 0x0000000100000000)
  eden space 133120K, 0% used [0x00000000d5580000,0x00000000d5580000,0x00000000dd780000)
  from space 5120K, 99% used [0x00000000dd780000,0x00000000ddc7d060,0x00000000ddc80000)
  to   space 13312K, 0% used [0x00000000e6680000,0x00000000e6680000,0x00000000e7380000)
 ParOldGen       total 87552K, used 11284K [0x0000000080000000, 0x0000000085580000, 0x00000000d5580000)
  object space 87552K, 12% used [0x0000000080000000,0x0000000080b050a8,0x0000000085580000)
 Metaspace       used 20582K, capacity 21224K, committed 21296K, reserved 1067008K
  class space    used 2878K, capacity 3076K, committed 3120K, reserved 1048576K
}
Event: 2.222 GC heap before
{Heap before GC invocations=6 (full 1):
 PSYoungGen      total 138240K, used 5108K [0x00000000d5580000, 0x00000000e7380000, 0x0000000100000000)
  eden space 133120K, 0% used [0x00000000d5580000,0x00000000d5580000,0x00000000dd780000)
  from space 5120K, 99% used [0x00000000dd780000,0x00000000ddc7d060,0x00000000ddc80000)
  to   space 13312K, 0% used [0x00000000e6680000,0x00000000e6680000,0x00000000e7380000)
 ParOldGen       total 87552K, used 11284K [0x0000000080000000, 0x0000000085580000, 0x00000000d5580000)
  object space 87552K, 12% used [0x0000000080000000,0x0000000080b050a8,0x0000000085580000)
 Metaspace       used 20582K, capacity 21224K, committed 21296K, reserved 1067008K
  class space    used 2878K, capacity 3076K, committed 3120K, reserved 1048576K
Event: 2.251 GC heap after
Heap after GC invocations=6 (full 1):
 PSYoungGen      total 138240K, used 0K [0x00000000d5580000, 0x00000000e7380000, 0x0000000100000000)
  eden space 133120K, 0% used [0x00000000d5580000,0x00000000d5580000,0x00000000dd780000)
  from space 5120K, 0% used [0x00000000dd780000,0x00000000dd780000,0x00000000ddc80000)
  to   space 13312K, 0% used [0x00000000e6680000,0x00000000e6680000,0x00000000e7380000)
 ParOldGen       total 54272K, used 6854K [0x0000000080000000, 0x0000000083500000, 0x00000000d5580000)
  object space 54272K, 12% used [0x0000000080000000,0x00000000806b19a8,0x0000000083500000)
 Metaspace       used 20582K, capacity 21224K, committed 21296K, reserved 1067008K
  class space    used 2878K, capacity 3076K, committed 3120K, reserved 1048576K
}
Event: 3.071 GC heap before
{Heap before GC invocations=7 (full 1):
 PSYoungGen      total 138240K, used 133120K [0x00000000d5580000, 0x00000000e7380000, 0x0000000100000000)
  eden space 133120K, 100% used [0x00000000d5580000,0x00000000dd780000,0x00000000dd780000)
  from space 5120K, 0% used [0x00000000dd780000,0x00000000dd780000,0x00000000ddc80000)
  to   space 13312K, 0% used [0x00000000e6680000,0x00000000e6680000,0x00000000e7380000)
 ParOldGen       total 54272K, used 6854K [0x0000000080000000, 0x0000000083500000, 0x00000000d5580000)
  object space 54272K, 12% used [0x0000000080000000,0x00000000806b19a8,0x0000000083500000)
 Metaspace       used 32783K, capacity 33866K, committed 33968K, reserved 1079296K
  class space    used 4484K, capacity 4751K, committed 4784K, reserved 1048576K
Event: 3.083 GC heap after
Heap after GC invocations=7 (full 1):
 PSYoungGen      total 249344K, used 13294K [0x00000000d5580000, 0x00000000e7380000, 0x0000000100000000)
  eden space 236032K, 0% used [0x00000000d5580000,0x00000000d5580000,0x00000000e3c00000)
  from space 13312K, 99% used [0x00000000e6680000,0x00000000e737bb50,0x00000000e7380000)
  to   space 16384K, 0% used [0x00000000e5380000,0x00000000e5380000,0x00000000e6380000)
 ParOldGen       total 54272K, used 8184K [0x0000000080000000, 0x0000000083500000, 0x00000000d5580000)
  object space 54272K, 15% used [0x0000000080000000,0x00000000807fe1b0,0x0000000083500000)
 Metaspace       used 32783K, capacity 33866K, committed 33968K, reserved 1079296K
  class space    used 4484K, capacity 4751K, committed 4784K, reserved 1048576K
}
Event: 3.222 GC heap before
{Heap before GC invocations=8 (full 1):
 PSYoungGen      total 249344K, used 46468K [0x00000000d5580000, 0x00000000e7380000, 0x0000000100000000)
  eden space 236032K, 14% used [0x00000000d5580000,0x00000000d75e57a0,0x00000000e3c00000)
  from space 13312K, 99% used [0x00000000e6680000,0x00000000e737bb50,0x00000000e7380000)
  to   space 16384K, 0% used [0x00000000e5380000,0x00000000e5380000,0x00000000e6380000)
 ParOldGen       total 54272K, used 8184K [0x0000000080000000, 0x0000000083500000, 0x00000000d5580000)
  object space 54272K, 15% used [0x0000000080000000,0x00000000807fe1b0,0x0000000083500000)
 Metaspace       used 34316K, capacity 35414K, committed 35496K, reserved 1079296K
  class space    used 4727K, capacity 5002K, committed 5040K, reserved 1048576K
Event: 3.231 GC heap after
Heap after GC invocations=8 (full 1):
 PSYoungGen      total 252416K, used 8890K [0x00000000d5580000, 0x00000000e7380000, 0x0000000100000000)
  eden space 236032K, 0% used [0x00000000d5580000,0x00000000d5580000,0x00000000e3c00000)
  from space 16384K, 54% used [0x00000000e5380000,0x00000000e5c2eae8,0x00000000e6380000)
  to   space 13312K, 0% used [0x00000000e6680000,0x00000000e6680000,0x00000000e7380000)
 ParOldGen       total 54272K, used 8192K [0x0000000080000000, 0x0000000083500000, 0x00000000d5580000)
  object space 54272K, 15% used [0x0000000080000000,0x00000000808001b0,0x0000000083500000)
 Metaspace       used 34316K, capacity 35414K, committed 35496K, reserved 1079296K
  class space    used 4727K, capacity 5002K, committed 5040K, reserved 1048576K
}
Event: 3.231 GC heap before
{Heap before GC invocations=9 (full 2):
 PSYoungGen      total 252416K, used 8890K [0x00000000d5580000, 0x00000000e7380000, 0x0000000100000000)
  eden space 236032K, 0% used [0x00000000d5580000,0x00000000d5580000,0x00000000e3c00000)
  from space 16384K, 54% used [0x00000000e5380000,0x00000000e5c2eae8,0x00000000e6380000)
  to   space 13312K, 0% used [0x00000000e6680000,0x00000000e6680000,0x00000000e7380000)
 ParOldGen       total 54272K, used 8192K [0x0000000080000000, 0x0000000083500000, 0x00000000d5580000)
  object space 54272K, 15% used [0x0000000080000000,0x00000000808001b0,0x0000000083500000)
 Metaspace       used 34316K, capacity 35414K, committed 35496K, reserved 1079296K
  class space    used 4727K, capacity 5002K, committed 5040K, reserved 1048576K
Event: 3.316 GC heap after
Heap after GC invocations=9 (full 2):
 PSYoungGen      total 252416K, used 0K [0x00000000d5580000, 0x00000000e7380000, 0x0000000100000000)
  eden space 236032K, 0% used [0x00000000d5580000,0x00000000d5580000,0x00000000e3c00000)
  from space 16384K, 0% used [0x00000000e5380000,0x00000000e5380000,0x00000000e6380000)
  to   space 13312K, 0% used [0x00000000e6680000,0x00000000e6680000,0x00000000e7380000)
 ParOldGen       total 82432K, used 15163K [0x0000000080000000, 0x0000000085080000, 0x00000000d5580000)
  object space 82432K, 18% used [0x0000000080000000,0x0000000080eceef0,0x0000000085080000)
 Metaspace       used 34316K, capacity 35414K, committed 35496K, reserved 1079296K
  class space    used 4727K, capacity 5002K, committed 5040K, reserved 1048576K
}

