# JRE version: OpenJDK Runtime Environment (8.0_242-b01) (build 1.8.0_242-release-1644-b01)
# Java VM: OpenJDK 64-Bit Server VM (25.242-b01 mixed mode windows-amd64 compressed oops)
Heap:
 PSYoungGen      total 276480K, used 169524K [0x00000000d5580000, 0x00000000ef080000, 0x0000000100000000)
  eden space 260096K, 65% used [0x00000000d5580000,0x00000000dfb0d3d0,0x00000000e5380000)
  from space 16384K, 0% used [0x00000000e5380000,0x00000000e5380000,0x00000000e6380000)
  to   space 15872K, 0% used [0x00000000ee100000,0x00000000ee100000,0x00000000ef080000)
 ParOldGen       total 81920K, used 15118K [0x0000000080000000, 0x0000000085000000, 0x00000000d5580000)
  object space 81920K, 18% used [0x0000000080000000,0x0000000080ec3928,0x0000000085000000)
 Metaspace       used 36773K, capacity 38394K, committed 38696K, reserved 1083392K
  class space    used 5061K, capacity 5368K, committed 5424K, reserved 1048576K
GC Heap History (10 events):
Event: 2.165 GC heap before
{Heap before GC invocations=5 (full 0):
 PSYoungGen      total 138240K, used 10238K [0x00000000d5580000, 0x00000000de180000, 0x0000000100000000)
  eden space 133120K, 3% used [0x00000000d5580000,0x00000000d5a82b18,0x00000000dd780000)
  from space 5120K, 99% used [0x00000000ddc80000,0x00000000de17d060,0x00000000de180000)
  to   space 5120K, 0% used [0x00000000dd780000,0x00000000dd780000,0x00000000ddc80000)
 ParOldGen       total 87552K, used 10851K [0x0000000080000000, 0x0000000085580000, 0x00000000d5580000)
  object space 87552K, 12% used [0x0000000080000000,0x0000000080a98d48,0x0000000085580000)
 Metaspace       used 20566K, capacity 21208K, committed 21296K, reserved 1067008K
  class space    used 2876K, capacity 3076K, committed 3120K, reserved 1048576K
Event: 2.177 GC heap after
Heap after GC invocations=5 (full 0):
 PSYoungGen      total 138240K, used 5108K [0x00000000d5580000, 0x00000000e7380000, 0x0000000100000000)
  eden space 133120K, 0% used [0x00000000d5580000,0x00000000d5580000,0x00000000dd780000)
  from space 5120K, 99% used [0x00000000dd780000,0x00000000ddc7d060,0x00000000ddc80000)
  to   space 13312K, 0% used [0x00000000e6680000,0x00000000e6680000,0x00000000e7380000)
 ParOldGen       total 87552K, used 11125K [0x0000000080000000, 0x0000000085580000, 0x00000000d5580000)
  object space 87552K, 12% used [0x0000000080000000,0x0000000080add6b0,0x0000000085580000)
 Metaspace       used 20566K, capacity 21208K, committed 21296K, reserved 1067008K
  class space    used 2876K, capacity 3076K, committed 3120K, reserved 1048576K
}
Event: 2.177 GC heap before
{Heap before GC invocations=6 (full 1):
 PSYoungGen      total 138240K, used 5108K [0x00000000d5580000, 0x00000000e7380000, 0x0000000100000000)
  eden space 133120K, 0% used [0x00000000d5580000,0x00000000d5580000,0x00000000dd780000)
  from space 5120K, 99% used [0x00000000dd780000,0x00000000ddc7d060,0x00000000ddc80000)
  to   space 13312K, 0% used [0x00000000e6680000,0x00000000e6680000,0x00000000e7380000)
 ParOldGen       total 87552K, used 11125K [0x0000000080000000, 0x0000000085580000, 0x00000000d5580000)
  object space 87552K, 12% used [0x0000000080000000,0x0000000080add6b0,0x0000000085580000)
 Metaspace       used 20566K, capacity 21208K, committed 21296K, reserved 1067008K
  class space    used 2876K, capacity 3076K, committed 3120K, reserved 1048576K
Event: 2.243 GC heap after
Heap after GC invocations=6 (full 1):
 PSYoungGen      total 138240K, used 0K [0x00000000d5580000, 0x00000000e7380000, 0x0000000100000000)
  eden space 133120K, 0% used [0x00000000d5580000,0x00000000d5580000,0x00000000dd780000)
  from space 5120K, 0% used [0x00000000dd780000,0x00000000dd780000,0x00000000ddc80000)
  to   space 13312K, 0% used [0x00000000e6680000,0x00000000e6680000,0x00000000e7380000)
 ParOldGen       total 55808K, used 6792K [0x0000000080000000, 0x0000000083680000, 0x00000000d5580000)
  object space 55808K, 12% used [0x0000000080000000,0x00000000806a2230,0x0000000083680000)
 Metaspace       used 20566K, capacity 21208K, committed 21296K, reserved 1067008K
  class space    used 2876K, capacity 3076K, committed 3120K, reserved 1048576K
}
Event: 3.109 GC heap before
{Heap before GC invocations=7 (full 1):
 PSYoungGen      total 138240K, used 133120K [0x00000000d5580000, 0x00000000e7380000, 0x0000000100000000)
  eden space 133120K, 100% used [0x00000000d5580000,0x00000000dd780000,0x00000000dd780000)
  from space 5120K, 0% used [0x00000000dd780000,0x00000000dd780000,0x00000000ddc80000)
  to   space 13312K, 0% used [0x00000000e6680000,0x00000000e6680000,0x00000000e7380000)
 ParOldGen       total 55808K, used 6792K [0x0000000080000000, 0x0000000083680000, 0x00000000d5580000)
  object space 55808K, 12% used [0x0000000080000000,0x00000000806a2230,0x0000000083680000)
 Metaspace       used 32740K, capacity 33754K, committed 33968K, reserved 1079296K
  class space    used 4472K, capacity 4719K, committed 4784K, reserved 1048576K
Event: 3.120 GC heap after
Heap after GC invocations=7 (full 1):
 PSYoungGen      total 242176K, used 13301K [0x00000000d5580000, 0x00000000e7380000, 0x0000000100000000)
  eden space 228864K, 0% used [0x00000000d5580000,0x00000000d5580000,0x00000000e3500000)
  from space 13312K, 99% used [0x00000000e6680000,0x00000000e737d510,0x00000000e7380000)
  to   space 16384K, 0% used [0x00000000e5380000,0x00000000e5380000,0x00000000e6380000)
 ParOldGen       total 55808K, used 8077K [0x0000000080000000, 0x0000000083680000, 0x00000000d5580000)
  object space 55808K, 14% used [0x0000000080000000,0x00000000807e34c8,0x0000000083680000)
 Metaspace       used 32740K, capacity 33754K, committed 33968K, reserved 1079296K
  class space    used 4472K, capacity 4719K, committed 4784K, reserved 1048576K
}
Event: 3.270 GC heap before
{Heap before GC invocations=8 (full 1):
 PSYoungGen      total 242176K, used 46751K [0x00000000d5580000, 0x00000000e7380000, 0x0000000100000000)
  eden space 228864K, 14% used [0x00000000d5580000,0x00000000d762aa18,0x00000000e3500000)
  from space 13312K, 99% used [0x00000000e6680000,0x00000000e737d510,0x00000000e7380000)
  to   space 16384K, 0% used [0x00000000e5380000,0x00000000e5380000,0x00000000e6380000)
 ParOldGen       total 55808K, used 8077K [0x0000000080000000, 0x0000000083680000, 0x00000000d5580000)
  object space 55808K, 14% used [0x0000000080000000,0x00000000807e34c8,0x0000000083680000)
 Metaspace       used 34239K, capacity 35396K, committed 35496K, reserved 1079296K
  class space    used 4712K, capacity 5001K, committed 5040K, reserved 1048576K
Event: 3.278 GC heap after
Heap after GC invocations=8 (full 1):
 PSYoungGen      total 276480K, used 8811K [0x00000000d5580000, 0x00000000ef080000, 0x0000000100000000)
  eden space 260096K, 0% used [0x00000000d5580000,0x00000000d5580000,0x00000000e5380000)
  from space 16384K, 53% used [0x00000000e5380000,0x00000000e5c1ac68,0x00000000e6380000)
  to   space 15872K, 0% used [0x00000000ee100000,0x00000000ee100000,0x00000000ef080000)
 ParOldGen       total 55808K, used 8085K [0x0000000080000000, 0x0000000083680000, 0x00000000d5580000)
  object space 55808K, 14% used [0x0000000080000000,0x00000000807e54c8,0x0000000083680000)
 Metaspace       used 34239K, capacity 35396K, committed 35496K, reserved 1079296K
  class space    used 4712K, capacity 5001K, committed 5040K, reserved 1048576K
}
Event: 3.278 GC heap before
{Heap before GC invocations=9 (full 2):
 PSYoungGen      total 276480K, used 8811K [0x00000000d5580000, 0x00000000ef080000, 0x0000000100000000)
  eden space 260096K, 0% used [0x00000000d5580000,0x00000000d5580000,0x00000000e5380000)
  from space 16384K, 53% used [0x00000000e5380000,0x00000000e5c1ac68,0x00000000e6380000)
  to   space 15872K, 0% used [0x00000000ee100000,0x00000000ee100000,0x00000000ef080000)
 ParOldGen       total 55808K, used 8085K [0x0000000080000000, 0x0000000083680000, 0x00000000d5580000)
  object space 55808K, 14% used [0x0000000080000000,0x00000000807e54c8,0x0000000083680000)
 Metaspace       used 34239K, capacity 35396K, committed 35496K, reserved 1079296K
  class space    used 4712K, capacity 5001K, committed 5040K, reserved 1048576K
Event: 3.366 GC heap after
Heap after GC invocations=9 (full 2):
 PSYoungGen      total 276480K, used 0K [0x00000000d5580000, 0x00000000ef080000, 0x0000000100000000)
  eden space 260096K, 0% used [0x00000000d5580000,0x00000000d5580000,0x00000000e5380000)
  from space 16384K, 0% used [0x00000000e5380000,0x00000000e5380000,0x00000000e6380000)
  to   space 15872K, 0% used [0x00000000ee100000,0x00000000ee100000,0x00000000ef080000)
 ParOldGen       total 81920K, used 15118K [0x0000000080000000, 0x0000000085000000, 0x00000000d5580000)
  object space 81920K, 18% used [0x0000000080000000,0x0000000080ec3928,0x0000000085000000)
 Metaspace       used 34239K, capacity 35396K, committed 35496K, reserved 1079296K
  class space    used 4712K, capacity 5001K, committed 5040K, reserved 1048576K
}

