# JRE version: OpenJDK Runtime Environment (8.0_242-b01) (build 1.8.0_242-release-1644-b01)
# Java VM: OpenJDK 64-Bit Server VM (25.242-b01 mixed mode windows-amd64 compressed oops)
Heap:
 PSYoungGen      total 508928K, used 19915K [0x00000000d5580000, 0x00000000ff580000, 0x0000000100000000)
  eden space 472576K, 4% used [0x00000000d5580000,0x00000000d68f2ec8,0x00000000f2300000)
  from space 36352K, 0% used [0x00000000f2300000,0x00000000f2300000,0x00000000f4680000)
  to   space 68608K, 0% used [0x00000000fb280000,0x00000000fb280000,0x00000000ff580000)
 ParOldGen       total 283136K, used 128511K [0x0000000080000000, 0x0000000091480000, 0x00000000d5580000)
  object space 283136K, 45% used [0x0000000080000000,0x0000000087d7fd50,0x0000000091480000)
 Metaspace       used 83718K, capacity 87560K, committed 88856K, reserved 1126400K
  class space    used 11280K, capacity 12021K, committed 12336K, reserved 1048576K
GC Heap History (10 events):
Event: 6.745 GC heap before
{Heap before GC invocations=11 (full 2):
 PSYoungGen      total 397312K, used 152855K [0x00000000d5580000, 0x00000000f0000000, 0x0000000100000000)
  eden space 381440K, 35% used [0x00000000d5580000,0x00000000ddb4ca68,0x00000000eca00000)
  from space 15872K, 99% used [0x00000000edd80000,0x00000000eecf9248,0x00000000eed00000)
  to   space 19968K, 0% used [0x00000000eca00000,0x00000000eca00000,0x00000000edd80000)
 ParOldGen       total 81920K, used 19468K [0x0000000080000000, 0x0000000085000000, 0x00000000d5580000)
  object space 81920K, 23% used [0x0000000080000000,0x00000000813033e0,0x0000000085000000)
 Metaspace       used 56919K, capacity 59044K, committed 59160K, reserved 1099776K
  class space    used 7466K, capacity 7912K, committed 7984K, reserved 1048576K
Event: 6.761 GC heap after
Heap after GC invocations=11 (full 2):
 PSYoungGen      total 401408K, used 19963K [0x00000000d5580000, 0x00000000f6a00000, 0x0000000100000000)
  eden space 381440K, 0% used [0x00000000d5580000,0x00000000d5580000,0x00000000eca00000)
  from space 19968K, 99% used [0x00000000eca00000,0x00000000edd7ee80,0x00000000edd80000)
  to   space 25088K, 0% used [0x00000000f5180000,0x00000000f5180000,0x00000000f6a00000)
 ParOldGen       total 81920K, used 24439K [0x0000000080000000, 0x0000000085000000, 0x00000000d5580000)
  object space 81920K, 29% used [0x0000000080000000,0x00000000817ddc08,0x0000000085000000)
 Metaspace       used 56919K, capacity 59044K, committed 59160K, reserved 1099776K
  class space    used 7466K, capacity 7912K, committed 7984K, reserved 1048576K
}
Event: 6.761 GC heap before
{Heap before GC invocations=12 (full 3):
 PSYoungGen      total 401408K, used 19963K [0x00000000d5580000, 0x00000000f6a00000, 0x0000000100000000)
  eden space 381440K, 0% used [0x00000000d5580000,0x00000000d5580000,0x00000000eca00000)
  from space 19968K, 99% used [0x00000000eca00000,0x00000000edd7ee80,0x00000000edd80000)
  to   space 25088K, 0% used [0x00000000f5180000,0x00000000f5180000,0x00000000f6a00000)
 ParOldGen       total 81920K, used 24439K [0x0000000080000000, 0x0000000085000000, 0x00000000d5580000)
  object space 81920K, 29% used [0x0000000080000000,0x00000000817ddc08,0x0000000085000000)
 Metaspace       used 56919K, capacity 59044K, committed 59160K, reserved 1099776K
  class space    used 7466K, capacity 7912K, committed 7984K, reserved 1048576K
Event: 6.971 GC heap after
Heap after GC invocations=12 (full 3):
 PSYoungGen      total 401408K, used 0K [0x00000000d5580000, 0x00000000f6a00000, 0x0000000100000000)
  eden space 381440K, 0% used [0x00000000d5580000,0x00000000d5580000,0x00000000eca00000)
  from space 19968K, 0% used [0x00000000eca00000,0x00000000eca00000,0x00000000edd80000)
  to   space 25088K, 0% used [0x00000000f5180000,0x00000000f5180000,0x00000000f6a00000)
 ParOldGen       total 128000K, used 37318K [0x0000000080000000, 0x0000000087d00000, 0x00000000d5580000)
  object space 128000K, 29% used [0x0000000080000000,0x0000000082471908,0x0000000087d00000)
 Metaspace       used 56828K, capacity 58738K, committed 59160K, reserved 1099776K
  class space    used 7438K, capacity 7839K, committed 7984K, reserved 1048576K
}
Event: 11.171 GC heap before
{Heap before GC invocations=13 (full 3):
 PSYoungGen      total 401408K, used 381440K [0x00000000d5580000, 0x00000000f6a00000, 0x0000000100000000)
  eden space 381440K, 100% used [0x00000000d5580000,0x00000000eca00000,0x00000000eca00000)
  from space 19968K, 0% used [0x00000000eca00000,0x00000000eca00000,0x00000000edd80000)
  to   space 25088K, 0% used [0x00000000f5180000,0x00000000f5180000,0x00000000f6a00000)
 ParOldGen       total 128000K, used 37318K [0x0000000080000000, 0x0000000087d00000, 0x00000000d5580000)
  object space 128000K, 29% used [0x0000000080000000,0x0000000082471908,0x0000000087d00000)
 Metaspace       used 74613K, capacity 78248K, committed 78616K, reserved 1118208K
  class space    used 10009K, capacity 10687K, committed 10800K, reserved 1048576K
Event: 11.202 GC heap after
Heap after GC invocations=13 (full 3):
 PSYoungGen      total 482816K, used 25062K [0x00000000d5580000, 0x00000000f6a00000, 0x0000000100000000)
  eden space 457728K, 0% used [0x00000000d5580000,0x00000000d5580000,0x00000000f1480000)
  from space 25088K, 99% used [0x00000000f5180000,0x00000000f69f9840,0x00000000f6a00000)
  to   space 36352K, 0% used [0x00000000f2300000,0x00000000f2300000,0x00000000f4680000)
 ParOldGen       total 128000K, used 57971K [0x0000000080000000, 0x0000000087d00000, 0x00000000d5580000)
  object space 128000K, 45% used [0x0000000080000000,0x000000008389cf98,0x0000000087d00000)
 Metaspace       used 74613K, capacity 78248K, committed 78616K, reserved 1118208K
  class space    used 10009K, capacity 10687K, committed 10800K, reserved 1048576K
}
Event: 15.098 GC heap before
{Heap before GC invocations=14 (full 3):
 PSYoungGen      total 482816K, used 482790K [0x00000000d5580000, 0x00000000f6a00000, 0x0000000100000000)
  eden space 457728K, 100% used [0x00000000d5580000,0x00000000f1480000,0x00000000f1480000)
  from space 25088K, 99% used [0x00000000f5180000,0x00000000f69f9840,0x00000000f6a00000)
  to   space 36352K, 0% used [0x00000000f2300000,0x00000000f2300000,0x00000000f4680000)
 ParOldGen       total 128000K, used 57971K [0x0000000080000000, 0x0000000087d00000, 0x00000000d5580000)
  object space 128000K, 45% used [0x0000000080000000,0x000000008389cf98,0x0000000087d00000)
 Metaspace       used 84037K, capacity 88636K, committed 88856K, reserved 1126400K
  class space    used 11390K, capacity 12237K, committed 12336K, reserved 1048576K
Event: 15.185 GC heap after
Heap after GC invocations=14 (full 3):
 PSYoungGen      total 508928K, used 36348K [0x00000000d5580000, 0x00000000ff580000, 0x0000000100000000)
  eden space 472576K, 0% used [0x00000000d5580000,0x00000000d5580000,0x00000000f2300000)
  from space 36352K, 99% used [0x00000000f2300000,0x00000000f467f3d8,0x00000000f4680000)
  to   space 68608K, 0% used [0x00000000fb280000,0x00000000fb280000,0x00000000ff580000)
 ParOldGen       total 129536K, used 129138K [0x0000000080000000, 0x0000000087e80000, 0x00000000d5580000)
  object space 129536K, 99% used [0x0000000080000000,0x0000000087e1cbe0,0x0000000087e80000)
 Metaspace       used 84037K, capacity 88636K, committed 88856K, reserved 1126400K
  class space    used 11390K, capacity 12237K, committed 12336K, reserved 1048576K
}
Event: 15.185 GC heap before
{Heap before GC invocations=15 (full 4):
 PSYoungGen      total 508928K, used 36348K [0x00000000d5580000, 0x00000000ff580000, 0x0000000100000000)
  eden space 472576K, 0% used [0x00000000d5580000,0x00000000d5580000,0x00000000f2300000)
  from space 36352K, 99% used [0x00000000f2300000,0x00000000f467f3d8,0x00000000f4680000)
  to   space 68608K, 0% used [0x00000000fb280000,0x00000000fb280000,0x00000000ff580000)
 ParOldGen       total 129536K, used 129138K [0x0000000080000000, 0x0000000087e80000, 0x00000000d5580000)
  object space 129536K, 99% used [0x0000000080000000,0x0000000087e1cbe0,0x0000000087e80000)
 Metaspace       used 84037K, capacity 88636K, committed 88856K, reserved 1126400K
  class space    used 11390K, capacity 12237K, committed 12336K, reserved 1048576K
Event: 15.556 GC heap after
Heap after GC invocations=15 (full 4):
 PSYoungGen      total 508928K, used 0K [0x00000000d5580000, 0x00000000ff580000, 0x0000000100000000)
  eden space 472576K, 0% used [0x00000000d5580000,0x00000000d5580000,0x00000000f2300000)
  from space 36352K, 0% used [0x00000000f2300000,0x00000000f2300000,0x00000000f4680000)
  to   space 68608K, 0% used [0x00000000fb280000,0x00000000fb280000,0x00000000ff580000)
 ParOldGen       total 283136K, used 128511K [0x0000000080000000, 0x0000000091480000, 0x00000000d5580000)
  object space 283136K, 45% used [0x0000000080000000,0x0000000087d7fd50,0x0000000091480000)
 Metaspace       used 83577K, capacity 87308K, committed 88856K, reserved 1126400K
  class space    used 11244K, capacity 11979K, committed 12336K, reserved 1048576K
}

