# JRE version: OpenJDK Runtime Environment (8.0_242-b01) (build 1.8.0_242-release-1644-b01)
# Java VM: OpenJDK 64-Bit Server VM (25.242-b01 mixed mode windows-amd64 compressed oops)
Heap:
 PSYoungGen      total 245248K, used 75369K [0x00000000d5580000, 0x00000000e7380000, 0x0000000100000000)
  eden space 231936K, 26% used [0x00000000d5580000,0x00000000d9220100,0x00000000e3800000)
  from space 13312K, 99% used [0x00000000e6680000,0x00000000e737a4c0,0x00000000e7380000)
  to   space 16384K, 0% used [0x00000000e5380000,0x00000000e5380000,0x00000000e6380000)
 ParOldGen       total 84480K, used 50575K [0x0000000080000000, 0x0000000085280000, 0x00000000d5580000)
  object space 84480K, 59% used [0x0000000080000000,0x0000000083163f70,0x0000000085280000)
 Metaspace       used 68635K, capacity 72144K, committed 72344K, reserved 1112064K
  class space    used 9434K, capacity 10097K, committed 10160K, reserved 1048576K
GC Heap History (10 events):
Event: 3.273 GC heap before
{Heap before GC invocations=9 (full 2):
 PSYoungGen      total 248320K, used 8824K [0x00000000d5580000, 0x00000000e7380000, 0x0000000100000000)
  eden space 231936K, 0% used [0x00000000d5580000,0x00000000d5580000,0x00000000e3800000)
  from space 16384K, 53% used [0x00000000e5380000,0x00000000e5c1e310,0x00000000e6380000)
  to   space 13312K, 0% used [0x00000000e6680000,0x00000000e6680000,0x00000000e7380000)
 ParOldGen       total 55296K, used 8219K [0x0000000080000000, 0x0000000083600000, 0x00000000d5580000)
  object space 55296K, 14% used [0x0000000080000000,0x0000000080806d00,0x0000000083600000)
 Metaspace       used 34243K, capacity 35412K, committed 35496K, reserved 1079296K
  class space    used 4712K, capacity 5001K, committed 5040K, reserved 1048576K
Event: 3.360 GC heap after
Heap after GC invocations=9 (full 2):
 PSYoungGen      total 248320K, used 0K [0x00000000d5580000, 0x00000000e7380000, 0x0000000100000000)
  eden space 231936K, 0% used [0x00000000d5580000,0x00000000d5580000,0x00000000e3800000)
  from space 16384K, 0% used [0x00000000e5380000,0x00000000e5380000,0x00000000e6380000)
  to   space 13312K, 0% used [0x00000000e6680000,0x00000000e6680000,0x00000000e7380000)
 ParOldGen       total 84480K, used 15094K [0x0000000080000000, 0x0000000085280000, 0x00000000d5580000)
  object space 84480K, 17% used [0x0000000080000000,0x0000000080ebda68,0x0000000085280000)
 Metaspace       used 34243K, capacity 35412K, committed 35496K, reserved 1079296K
  class space    used 4712K, capacity 5001K, committed 5040K, reserved 1048576K
}
Event: 4.403 GC heap before
{Heap before GC invocations=10 (full 2):
 PSYoungGen      total 248320K, used 231936K [0x00000000d5580000, 0x00000000e7380000, 0x0000000100000000)
  eden space 231936K, 100% used [0x00000000d5580000,0x00000000e3800000,0x00000000e3800000)
  from space 16384K, 0% used [0x00000000e5380000,0x00000000e5380000,0x00000000e6380000)
  to   space 13312K, 0% used [0x00000000e6680000,0x00000000e6680000,0x00000000e7380000)
 ParOldGen       total 84480K, used 15094K [0x0000000080000000, 0x0000000085280000, 0x00000000d5580000)
  object space 84480K, 17% used [0x0000000080000000,0x0000000080ebda68,0x0000000085280000)
 Metaspace       used 45503K, capacity 47412K, committed 47528K, reserved 1089536K
  class space    used 6153K, capacity 6512K, committed 6576K, reserved 1048576K
Event: 4.413 GC heap after
Heap after GC invocations=10 (full 2):
 PSYoungGen      total 245248K, used 13303K [0x00000000d5580000, 0x00000000e7380000, 0x0000000100000000)
  eden space 231936K, 0% used [0x00000000d5580000,0x00000000d5580000,0x00000000e3800000)
  from space 13312K, 99% used [0x00000000e6680000,0x00000000e737def0,0x00000000e7380000)
  to   space 16384K, 0% used [0x00000000e5380000,0x00000000e5380000,0x00000000e6380000)
 ParOldGen       total 84480K, used 19088K [0x0000000080000000, 0x0000000085280000, 0x00000000d5580000)
  object space 84480K, 22% used [0x0000000080000000,0x00000000812a4338,0x0000000085280000)
 Metaspace       used 45503K, capacity 47412K, committed 47528K, reserved 1089536K
  class space    used 6153K, capacity 6512K, committed 6576K, reserved 1048576K
}
Event: 5.652 GC heap before
{Heap before GC invocations=11 (full 2):
 PSYoungGen      total 245248K, used 159047K [0x00000000d5580000, 0x00000000e7380000, 0x0000000100000000)
  eden space 231936K, 62% used [0x00000000d5580000,0x00000000de3d3e38,0x00000000e3800000)
  from space 13312K, 99% used [0x00000000e6680000,0x00000000e737def0,0x00000000e7380000)
  to   space 16384K, 0% used [0x00000000e5380000,0x00000000e5380000,0x00000000e6380000)
 ParOldGen       total 84480K, used 19088K [0x0000000080000000, 0x0000000085280000, 0x00000000d5580000)
  object space 84480K, 22% used [0x0000000080000000,0x00000000812a4338,0x0000000085280000)
 Metaspace       used 56802K, capacity 59054K, committed 59160K, reserved 1099776K
  class space    used 7690K, capacity 8178K, committed 8240K, reserved 1048576K
Event: 5.682 GC heap after
Heap after GC invocations=11 (full 2):
 PSYoungGen      total 248320K, used 16364K [0x00000000d5580000, 0x00000000e7380000, 0x0000000100000000)
  eden space 231936K, 0% used [0x00000000d5580000,0x00000000d5580000,0x00000000e3800000)
  from space 16384K, 99% used [0x00000000e5380000,0x00000000e637b330,0x00000000e6380000)
  to   space 13312K, 0% used [0x00000000e6680000,0x00000000e6680000,0x00000000e7380000)
 ParOldGen       total 84480K, used 29781K [0x0000000080000000, 0x0000000085280000, 0x00000000d5580000)
  object space 84480K, 35% used [0x0000000080000000,0x0000000081d154d8,0x0000000085280000)
 Metaspace       used 56802K, capacity 59054K, committed 59160K, reserved 1099776K
  class space    used 7690K, capacity 8178K, committed 8240K, reserved 1048576K
}
Event: 5.682 GC heap before
{Heap before GC invocations=12 (full 3):
 PSYoungGen      total 248320K, used 16364K [0x00000000d5580000, 0x00000000e7380000, 0x0000000100000000)
  eden space 231936K, 0% used [0x00000000d5580000,0x00000000d5580000,0x00000000e3800000)
  from space 16384K, 99% used [0x00000000e5380000,0x00000000e637b330,0x00000000e6380000)
  to   space 13312K, 0% used [0x00000000e6680000,0x00000000e6680000,0x00000000e7380000)
 ParOldGen       total 84480K, used 29781K [0x0000000080000000, 0x0000000085280000, 0x00000000d5580000)
  object space 84480K, 35% used [0x0000000080000000,0x0000000081d154d8,0x0000000085280000)
 Metaspace       used 56802K, capacity 59054K, committed 59160K, reserved 1099776K
  class space    used 7690K, capacity 8178K, committed 8240K, reserved 1048576K
Event: 5.908 GC heap after
Heap after GC invocations=12 (full 3):
 PSYoungGen      total 248320K, used 0K [0x00000000d5580000, 0x00000000e7380000, 0x0000000100000000)
  eden space 231936K, 0% used [0x00000000d5580000,0x00000000d5580000,0x00000000e3800000)
  from space 16384K, 0% used [0x00000000e5380000,0x00000000e5380000,0x00000000e6380000)
  to   space 13312K, 0% used [0x00000000e6680000,0x00000000e6680000,0x00000000e7380000)
 ParOldGen       total 84480K, used 39435K [0x0000000080000000, 0x0000000085280000, 0x00000000d5580000)
  object space 84480K, 46% used [0x0000000080000000,0x0000000082682d58,0x0000000085280000)
 Metaspace       used 56729K, capacity 58808K, committed 59160K, reserved 1099776K
  class space    used 7668K, capacity 8137K, committed 8240K, reserved 1048576K
}
Event: 8.138 GC heap before
{Heap before GC invocations=13 (full 3):
 PSYoungGen      total 248320K, used 231936K [0x00000000d5580000, 0x00000000e7380000, 0x0000000100000000)
  eden space 231936K, 100% used [0x00000000d5580000,0x00000000e3800000,0x00000000e3800000)
  from space 16384K, 0% used [0x00000000e5380000,0x00000000e5380000,0x00000000e6380000)
  to   space 13312K, 0% used [0x00000000e6680000,0x00000000e6680000,0x00000000e7380000)
 ParOldGen       total 84480K, used 39435K [0x0000000080000000, 0x0000000085280000, 0x00000000d5580000)
  object space 84480K, 46% used [0x0000000080000000,0x0000000082682d58,0x0000000085280000)
 Metaspace       used 67670K, capacity 71152K, committed 71192K, reserved 1110016K
  class space    used 9328K, capacity 10019K, committed 10032K, reserved 1048576K
Event: 8.156 GC heap after
Heap after GC invocations=13 (full 3):
 PSYoungGen      total 245248K, used 13289K [0x00000000d5580000, 0x00000000e7380000, 0x0000000100000000)
  eden space 231936K, 0% used [0x00000000d5580000,0x00000000d5580000,0x00000000e3800000)
  from space 13312K, 99% used [0x00000000e6680000,0x00000000e737a4c0,0x00000000e7380000)
  to   space 16384K, 0% used [0x00000000e5380000,0x00000000e5380000,0x00000000e6380000)
 ParOldGen       total 84480K, used 50575K [0x0000000080000000, 0x0000000085280000, 0x00000000d5580000)
  object space 84480K, 59% used [0x0000000080000000,0x0000000083163f70,0x0000000085280000)
 Metaspace       used 67670K, capacity 71152K, committed 71192K, reserved 1110016K
  class space    used 9328K, capacity 10019K, committed 10032K, reserved 1048576K
}

