# JRE version: OpenJDK Runtime Environment (8.0_242-b01) (build 1.8.0_242-release-1644-b01)
# Java VM: OpenJDK 64-Bit Server VM (25.242-b01 mixed mode windows-amd64 compressed oops)
Heap:
 PSYoungGen      total 225792K, used 195343K [0x00000000d5580000, 0x00000000e4480000, 0x0000000100000000)
  eden space 208896K, 93% used [0x00000000d5580000,0x00000000e1443d28,0x00000000e2180000)
  from space 16896K, 0% used [0x00000000e3100000,0x00000000e3100000,0x00000000e4180000)
  to   space 15872K, 0% used [0x00000000e2180000,0x00000000e2180000,0x00000000e3100000)
 ParOldGen       total 66560K, used 14964K [0x0000000080000000, 0x0000000084100000, 0x00000000d5580000)
  object space 66560K, 22% used [0x0000000080000000,0x0000000080e9d3f0,0x0000000084100000)
 Metaspace       used 42281K, capacity 44412K, committed 44632K, reserved 1087488K
  class space    used 5809K, capacity 6228K, committed 6272K, reserved 1048576K
GC Heap History (10 events):
Event: 2.279 GC heap before
{Heap before GC invocations=4 (full 0):
 PSYoungGen      total 71680K, used 71624K [0x00000000d5580000, 0x00000000de180000, 0x0000000100000000)
  eden space 66560K, 99% used [0x00000000d5580000,0x00000000d967a3b0,0x00000000d9680000)
  from space 5120K, 99% used [0x00000000d9680000,0x00000000d9b78020,0x00000000d9b80000)
  to   space 5120K, 0% used [0x00000000ddc80000,0x00000000ddc80000,0x00000000de180000)
 ParOldGen       total 87552K, used 4228K [0x0000000080000000, 0x0000000085580000, 0x00000000d5580000)
  object space 87552K, 4% used [0x0000000080000000,0x00000000804213c8,0x0000000085580000)
 Metaspace       used 20463K, capacity 21150K, committed 21248K, reserved 1067008K
  class space    used 2853K, capacity 3035K, committed 3072K, reserved 1048576K
Event: 2.288 GC heap after
Heap after GC invocations=4 (full 0):
 PSYoungGen      total 138240K, used 5092K [0x00000000d5580000, 0x00000000de180000, 0x0000000100000000)
  eden space 133120K, 0% used [0x00000000d5580000,0x00000000d5580000,0x00000000dd780000)
  from space 5120K, 99% used [0x00000000ddc80000,0x00000000de179050,0x00000000de180000)
  to   space 5120K, 0% used [0x00000000dd780000,0x00000000dd780000,0x00000000ddc80000)
 ParOldGen       total 87552K, used 10912K [0x0000000080000000, 0x0000000085580000, 0x00000000d5580000)
  object space 87552K, 12% used [0x0000000080000000,0x0000000080aa8370,0x0000000085580000)
 Metaspace       used 20463K, capacity 21150K, committed 21248K, reserved 1067008K
  class space    used 2853K, capacity 3035K, committed 3072K, reserved 1048576K
}
Event: 2.288 GC heap before
{Heap before GC invocations=5 (full 1):
 PSYoungGen      total 138240K, used 5092K [0x00000000d5580000, 0x00000000de180000, 0x0000000100000000)
  eden space 133120K, 0% used [0x00000000d5580000,0x00000000d5580000,0x00000000dd780000)
  from space 5120K, 99% used [0x00000000ddc80000,0x00000000de179050,0x00000000de180000)
  to   space 5120K, 0% used [0x00000000dd780000,0x00000000dd780000,0x00000000ddc80000)
 ParOldGen       total 87552K, used 10912K [0x0000000080000000, 0x0000000085580000, 0x00000000d5580000)
  object space 87552K, 12% used [0x0000000080000000,0x0000000080aa8370,0x0000000085580000)
 Metaspace       used 20463K, capacity 21150K, committed 21248K, reserved 1067008K
  class space    used 2853K, capacity 3035K, committed 3072K, reserved 1048576K
Event: 2.323 GC heap after
Heap after GC invocations=5 (full 1):
 PSYoungGen      total 138240K, used 0K [0x00000000d5580000, 0x00000000de180000, 0x0000000100000000)
  eden space 133120K, 0% used [0x00000000d5580000,0x00000000d5580000,0x00000000dd780000)
  from space 5120K, 0% used [0x00000000ddc80000,0x00000000ddc80000,0x00000000de180000)
  to   space 5120K, 0% used [0x00000000dd780000,0x00000000dd780000,0x00000000ddc80000)
 ParOldGen       total 66560K, used 11433K [0x0000000080000000, 0x0000000084100000, 0x00000000d5580000)
  object space 66560K, 17% used [0x0000000080000000,0x0000000080b2a538,0x0000000084100000)
 Metaspace       used 20463K, capacity 21150K, committed 21248K, reserved 1067008K
  class space    used 2853K, capacity 3035K, committed 3072K, reserved 1048576K
}
Event: 3.330 GC heap before
{Heap before GC invocations=6 (full 1):
 PSYoungGen      total 138240K, used 133120K [0x00000000d5580000, 0x00000000de180000, 0x0000000100000000)
  eden space 133120K, 100% used [0x00000000d5580000,0x00000000dd780000,0x00000000dd780000)
  from space 5120K, 0% used [0x00000000ddc80000,0x00000000ddc80000,0x00000000de180000)
  to   space 5120K, 0% used [0x00000000dd780000,0x00000000dd780000,0x00000000ddc80000)
 ParOldGen       total 66560K, used 11433K [0x0000000080000000, 0x0000000084100000, 0x00000000d5580000)
  object space 66560K, 17% used [0x0000000080000000,0x0000000080b2a538,0x0000000084100000)
 Metaspace       used 32875K, capacity 33966K, committed 34304K, reserved 1079296K
  class space    used 4446K, capacity 4744K, committed 4864K, reserved 1048576K
Event: 3.342 GC heap after
Heap after GC invocations=6 (full 1):
 PSYoungGen      total 138240K, used 5106K [0x00000000d5580000, 0x00000000e4180000, 0x0000000100000000)
  eden space 133120K, 0% used [0x00000000d5580000,0x00000000d5580000,0x00000000dd780000)
  from space 5120K, 99% used [0x00000000dd780000,0x00000000ddc7c8d8,0x00000000ddc80000)
  to   space 16896K, 0% used [0x00000000e3100000,0x00000000e3100000,0x00000000e4180000)
 ParOldGen       total 66560K, used 19880K [0x0000000080000000, 0x0000000084100000, 0x00000000d5580000)
  object space 66560K, 29% used [0x0000000080000000,0x000000008136a060,0x0000000084100000)
 Metaspace       used 32875K, capacity 33966K, committed 34304K, reserved 1079296K
  class space    used 4446K, capacity 4744K, committed 4864K, reserved 1048576K
}
Event: 3.561 GC heap before
{Heap before GC invocations=7 (full 1):
 PSYoungGen      total 138240K, used 32913K [0x00000000d5580000, 0x00000000e4180000, 0x0000000100000000)
  eden space 133120K, 20% used [0x00000000d5580000,0x00000000d70a7bc8,0x00000000dd780000)
  from space 5120K, 99% used [0x00000000dd780000,0x00000000ddc7c8d8,0x00000000ddc80000)
  to   space 16896K, 0% used [0x00000000e3100000,0x00000000e3100000,0x00000000e4180000)
 ParOldGen       total 66560K, used 19880K [0x0000000080000000, 0x0000000084100000, 0x00000000d5580000)
  object space 66560K, 29% used [0x0000000080000000,0x000000008136a060,0x0000000084100000)
 Metaspace       used 34050K, capacity 35272K, committed 35416K, reserved 1079296K
  class space    used 4594K, capacity 4911K, committed 4992K, reserved 1048576K
Event: 3.569 GC heap after
Heap after GC invocations=7 (full 1):
 PSYoungGen      total 225792K, used 7918K [0x00000000d5580000, 0x00000000e4480000, 0x0000000100000000)
  eden space 208896K, 0% used [0x00000000d5580000,0x00000000d5580000,0x00000000e2180000)
  from space 16896K, 46% used [0x00000000e3100000,0x00000000e38bbb60,0x00000000e4180000)
  to   space 15872K, 0% used [0x00000000e2180000,0x00000000e2180000,0x00000000e3100000)
 ParOldGen       total 66560K, used 19888K [0x0000000080000000, 0x0000000084100000, 0x00000000d5580000)
  object space 66560K, 29% used [0x0000000080000000,0x000000008136c060,0x0000000084100000)
 Metaspace       used 34050K, capacity 35272K, committed 35416K, reserved 1079296K
  class space    used 4594K, capacity 4911K, committed 4992K, reserved 1048576K
}
Event: 3.569 GC heap before
{Heap before GC invocations=8 (full 2):
 PSYoungGen      total 225792K, used 7918K [0x00000000d5580000, 0x00000000e4480000, 0x0000000100000000)
  eden space 208896K, 0% used [0x00000000d5580000,0x00000000d5580000,0x00000000e2180000)
  from space 16896K, 46% used [0x00000000e3100000,0x00000000e38bbb60,0x00000000e4180000)
  to   space 15872K, 0% used [0x00000000e2180000,0x00000000e2180000,0x00000000e3100000)
 ParOldGen       total 66560K, used 19888K [0x0000000080000000, 0x0000000084100000, 0x00000000d5580000)
  object space 66560K, 29% used [0x0000000080000000,0x000000008136c060,0x0000000084100000)
 Metaspace       used 34050K, capacity 35272K, committed 35416K, reserved 1079296K
  class space    used 4594K, capacity 4911K, committed 4992K, reserved 1048576K
Event: 3.631 GC heap after
Heap after GC invocations=8 (full 2):
 PSYoungGen      total 225792K, used 0K [0x00000000d5580000, 0x00000000e4480000, 0x0000000100000000)
  eden space 208896K, 0% used [0x00000000d5580000,0x00000000d5580000,0x00000000e2180000)
  from space 16896K, 0% used [0x00000000e3100000,0x00000000e3100000,0x00000000e4180000)
  to   space 15872K, 0% used [0x00000000e2180000,0x00000000e2180000,0x00000000e3100000)
 ParOldGen       total 66560K, used 14964K [0x0000000080000000, 0x0000000084100000, 0x00000000d5580000)
  object space 66560K, 22% used [0x0000000080000000,0x0000000080e9d3f0,0x0000000084100000)
 Metaspace       used 34050K, capacity 35272K, committed 35416K, reserved 1079296K
  class space    used 4594K, capacity 4911K, committed 4992K, reserved 1048576K
}

