# JRE version: OpenJDK Runtime Environment (8.0_242-b01) (build 1.8.0_242-release-1644-b01)
# Java VM: OpenJDK 64-Bit Server VM (25.242-b01 mixed mode windows-amd64 compressed oops)
Heap:
 PSYoungGen      total 261120K, used 129048K [0x00000000d5580000, 0x00000000e6580000, 0x0000000100000000)
  eden space 248832K, 51% used [0x00000000d5580000,0x00000000dd386230,0x00000000e4880000)
  from space 12288K, 0% used [0x00000000e5980000,0x00000000e5980000,0x00000000e6580000)
  to   space 14848K, 0% used [0x00000000e4880000,0x00000000e4880000,0x00000000e5700000)
 ParOldGen       total 49152K, used 15045K [0x0000000080000000, 0x0000000083000000, 0x00000000d5580000)
  object space 49152K, 30% used [0x0000000080000000,0x0000000080eb16f8,0x0000000083000000)
 Metaspace       used 36613K, capacity 38160K, committed 38440K, reserved 1083392K
  class space    used 5041K, capacity 5345K, committed 5424K, reserved 1048576K
GC Heap History (10 events):
Event: 2.388 GC heap before
{Heap before GC invocations=6 (full 0):
 PSYoungGen      total 71680K, used 7019K [0x00000000d5580000, 0x00000000def80000, 0x0000000100000000)
  eden space 66560K, 2% used [0x00000000d5580000,0x00000000d575df88,0x00000000d9680000)
  from space 5120K, 99% used [0x00000000d9680000,0x00000000d9b7d040,0x00000000d9b80000)
  to   space 12288K, 0% used [0x00000000de380000,0x00000000de380000,0x00000000def80000)
 ParOldGen       total 87552K, used 10115K [0x0000000080000000, 0x0000000085580000, 0x00000000d5580000)
  object space 87552K, 11% used [0x0000000080000000,0x00000000809e0fc0,0x0000000085580000)
 Metaspace       used 20590K, capacity 21220K, committed 21296K, reserved 1067008K
  class space    used 2880K, capacity 3076K, committed 3120K, reserved 1048576K
Event: 2.398 GC heap after
Heap after GC invocations=6 (full 0):
 PSYoungGen      total 144384K, used 5236K [0x00000000d5580000, 0x00000000dee80000, 0x0000000100000000)
  eden space 133120K, 0% used [0x00000000d5580000,0x00000000d5580000,0x00000000dd780000)
  from space 11264K, 46% used [0x00000000de380000,0x00000000de89d040,0x00000000dee80000)
  to   space 11776K, 0% used [0x00000000dd780000,0x00000000dd780000,0x00000000de300000)
 ParOldGen       total 87552K, used 10123K [0x0000000080000000, 0x0000000085580000, 0x00000000d5580000)
  object space 87552K, 11% used [0x0000000080000000,0x00000000809e2fc0,0x0000000085580000)
 Metaspace       used 20590K, capacity 21220K, committed 21296K, reserved 1067008K
  class space    used 2880K, capacity 3076K, committed 3120K, reserved 1048576K
}
Event: 2.399 GC heap before
{Heap before GC invocations=7 (full 1):
 PSYoungGen      total 144384K, used 5236K [0x00000000d5580000, 0x00000000dee80000, 0x0000000100000000)
  eden space 133120K, 0% used [0x00000000d5580000,0x00000000d5580000,0x00000000dd780000)
  from space 11264K, 46% used [0x00000000de380000,0x00000000de89d040,0x00000000dee80000)
  to   space 11776K, 0% used [0x00000000dd780000,0x00000000dd780000,0x00000000de300000)
 ParOldGen       total 87552K, used 10123K [0x0000000080000000, 0x0000000085580000, 0x00000000d5580000)
  object space 87552K, 11% used [0x0000000080000000,0x00000000809e2fc0,0x0000000085580000)
 Metaspace       used 20590K, capacity 21220K, committed 21296K, reserved 1067008K
  class space    used 2880K, capacity 3076K, committed 3120K, reserved 1048576K
Event: 2.438 GC heap after
Heap after GC invocations=7 (full 1):
 PSYoungGen      total 144384K, used 0K [0x00000000d5580000, 0x00000000dee80000, 0x0000000100000000)
  eden space 133120K, 0% used [0x00000000d5580000,0x00000000d5580000,0x00000000dd780000)
  from space 11264K, 0% used [0x00000000de380000,0x00000000de380000,0x00000000dee80000)
  to   space 11776K, 0% used [0x00000000dd780000,0x00000000dd780000,0x00000000de300000)
 ParOldGen       total 49152K, used 6658K [0x0000000080000000, 0x0000000083000000, 0x00000000d5580000)
  object space 49152K, 13% used [0x0000000080000000,0x0000000080680a00,0x0000000083000000)
 Metaspace       used 20590K, capacity 21220K, committed 21296K, reserved 1067008K
  class space    used 2880K, capacity 3076K, committed 3120K, reserved 1048576K
}
Event: 3.303 GC heap before
{Heap before GC invocations=8 (full 1):
 PSYoungGen      total 144384K, used 133120K [0x00000000d5580000, 0x00000000dee80000, 0x0000000100000000)
  eden space 133120K, 100% used [0x00000000d5580000,0x00000000dd780000,0x00000000dd780000)
  from space 11264K, 0% used [0x00000000de380000,0x00000000de380000,0x00000000dee80000)
  to   space 11776K, 0% used [0x00000000dd780000,0x00000000dd780000,0x00000000de300000)
 ParOldGen       total 49152K, used 6658K [0x0000000080000000, 0x0000000083000000, 0x00000000d5580000)
  object space 49152K, 13% used [0x0000000080000000,0x0000000080680a00,0x0000000083000000)
 Metaspace       used 32825K, capacity 33824K, committed 33968K, reserved 1079296K
  class space    used 4484K, capacity 4718K, committed 4784K, reserved 1048576K
Event: 3.318 GC heap after
Heap after GC invocations=8 (full 1):
 PSYoungGen      total 144896K, used 11765K [0x00000000d5580000, 0x00000000e6880000, 0x0000000100000000)
  eden space 133120K, 0% used [0x00000000d5580000,0x00000000d5580000,0x00000000dd780000)
  from space 11776K, 99% used [0x00000000dd780000,0x00000000de2fd658,0x00000000de300000)
  to   space 15360K, 0% used [0x00000000e5980000,0x00000000e5980000,0x00000000e6880000)
 ParOldGen       total 49152K, used 9618K [0x0000000080000000, 0x0000000083000000, 0x00000000d5580000)
  object space 49152K, 19% used [0x0000000080000000,0x0000000080964a48,0x0000000083000000)
 Metaspace       used 32825K, capacity 33824K, committed 33968K, reserved 1079296K
  class space    used 4484K, capacity 4718K, committed 4784K, reserved 1048576K
}
Event: 3.474 GC heap before
{Heap before GC invocations=9 (full 1):
 PSYoungGen      total 144896K, used 40913K [0x00000000d5580000, 0x00000000e6880000, 0x0000000100000000)
  eden space 133120K, 21% used [0x00000000d5580000,0x00000000d71f6ec8,0x00000000dd780000)
  from space 11776K, 99% used [0x00000000dd780000,0x00000000de2fd658,0x00000000de300000)
  to   space 15360K, 0% used [0x00000000e5980000,0x00000000e5980000,0x00000000e6880000)
 ParOldGen       total 49152K, used 9618K [0x0000000080000000, 0x0000000083000000, 0x00000000d5580000)
  object space 49152K, 19% used [0x0000000080000000,0x0000000080964a48,0x0000000083000000)
 Metaspace       used 34245K, capacity 35408K, committed 35496K, reserved 1079296K
  class space    used 4713K, capacity 5001K, committed 5040K, reserved 1048576K
Event: 3.482 GC heap after
Heap after GC invocations=9 (full 1):
 PSYoungGen      total 261120K, used 8746K [0x00000000d5580000, 0x00000000e6580000, 0x0000000100000000)
  eden space 248832K, 0% used [0x00000000d5580000,0x00000000d5580000,0x00000000e4880000)
  from space 12288K, 71% used [0x00000000e5980000,0x00000000e620ab80,0x00000000e6580000)
  to   space 14848K, 0% used [0x00000000e4880000,0x00000000e4880000,0x00000000e5700000)
 ParOldGen       total 49152K, used 9626K [0x0000000080000000, 0x0000000083000000, 0x00000000d5580000)
  object space 49152K, 19% used [0x0000000080000000,0x0000000080966a48,0x0000000083000000)
 Metaspace       used 34245K, capacity 35408K, committed 35496K, reserved 1079296K
  class space    used 4713K, capacity 5001K, committed 5040K, reserved 1048576K
}
Event: 3.482 GC heap before
{Heap before GC invocations=10 (full 2):
 PSYoungGen      total 261120K, used 8746K [0x00000000d5580000, 0x00000000e6580000, 0x0000000100000000)
  eden space 248832K, 0% used [0x00000000d5580000,0x00000000d5580000,0x00000000e4880000)
  from space 12288K, 71% used [0x00000000e5980000,0x00000000e620ab80,0x00000000e6580000)
  to   space 14848K, 0% used [0x00000000e4880000,0x00000000e4880000,0x00000000e5700000)
 ParOldGen       total 49152K, used 9626K [0x0000000080000000, 0x0000000083000000, 0x00000000d5580000)
  object space 49152K, 19% used [0x0000000080000000,0x0000000080966a48,0x0000000083000000)
 Metaspace       used 34245K, capacity 35408K, committed 35496K, reserved 1079296K
  class space    used 4713K, capacity 5001K, committed 5040K, reserved 1048576K
Event: 3.528 GC heap after
Heap after GC invocations=10 (full 2):
 PSYoungGen      total 261120K, used 0K [0x00000000d5580000, 0x00000000e6580000, 0x0000000100000000)
  eden space 248832K, 0% used [0x00000000d5580000,0x00000000d5580000,0x00000000e4880000)
  from space 12288K, 0% used [0x00000000e5980000,0x00000000e5980000,0x00000000e6580000)
  to   space 14848K, 0% used [0x00000000e4880000,0x00000000e4880000,0x00000000e5700000)
 ParOldGen       total 49152K, used 15045K [0x0000000080000000, 0x0000000083000000, 0x00000000d5580000)
  object space 49152K, 30% used [0x0000000080000000,0x0000000080eb16f8,0x0000000083000000)
 Metaspace       used 34245K, capacity 35408K, committed 35496K, reserved 1079296K
  class space    used 4713K, capacity 5001K, committed 5040K, reserved 1048576K
}

