# JRE version: OpenJDK Runtime Environment (8.0_242-b01) (build 1.8.0_242-release-1644-b01)
# Java VM: OpenJDK 64-Bit Server VM (25.242-b01 mixed mode windows-amd64 compressed oops)
Heap:
 PSYoungGen      total 625152K, used 69417K [0x00000000d5580000, 0x00000000ff700000, 0x0000000100000000)
  eden space 570880K, 8% used [0x00000000d5580000,0x00000000d826da98,0x00000000f8300000)
  from space 54272K, 43% used [0x00000000fc200000,0x00000000fd8dcce0,0x00000000ff700000)
  to   space 59392K, 0% used [0x00000000f8300000,0x00000000f8300000,0x00000000fbd00000)
 ParOldGen       total 326656K, used 170019K [0x0000000080000000, 0x0000000093f00000, 0x00000000d5580000)
  object space 326656K, 52% used [0x0000000080000000,0x000000008a608e50,0x0000000093f00000)
 Metaspace       used 130306K, capacity 136966K, committed 137292K, reserved 1169408K
  class space    used 16672K, capacity 17929K, committed 18036K, reserved 1048576K
GC Heap History (10 events):
Event: 1128.246 GC heap before
{Heap before GC invocations=33 (full 5):
 PSYoungGen      total 623104K, used 9127K [0x00000000d5580000, 0x00000000ffc00000, 0x0000000100000000)
  eden space 556544K, 0% used [0x00000000d5580000,0x00000000d5580000,0x00000000f7500000)
  from space 66560K, 13% used [0x00000000fbb00000,0x00000000fc3e9f20,0x00000000ffc00000)
  to   space 69120K, 0% used [0x00000000f7500000,0x00000000f7500000,0x00000000fb880000)
 ParOldGen       total 221184K, used 195640K [0x0000000080000000, 0x000000008d800000, 0x00000000d5580000)
  object space 221184K, 88% used [0x0000000080000000,0x000000008bf0e2c8,0x000000008d800000)
 Metaspace       used 113374K, capacity 119778K, committed 120012K, reserved 1153024K
  class space    used 14882K, capacity 16082K, committed 16116K, reserved 1048576K
Event: 1128.569 GC heap after
Heap after GC invocations=33 (full 5):
 PSYoungGen      total 623104K, used 0K [0x00000000d5580000, 0x00000000ffc00000, 0x0000000100000000)
  eden space 556544K, 0% used [0x00000000d5580000,0x00000000d5580000,0x00000000f7500000)
  from space 66560K, 0% used [0x00000000fbb00000,0x00000000fbb00000,0x00000000ffc00000)
  to   space 69120K, 0% used [0x00000000f7500000,0x00000000f7500000,0x00000000fb880000)
 ParOldGen       total 326656K, used 144025K [0x0000000080000000, 0x0000000093f00000, 0x00000000d5580000)
  object space 326656K, 44% used [0x0000000080000000,0x0000000088ca66d0,0x0000000093f00000)
 Metaspace       used 113021K, capacity 118856K, committed 120012K, reserved 1153024K
  class space    used 14761K, capacity 15869K, committed 16116K, reserved 1048576K
}
Event: 1129.583 GC heap before
{Heap before GC invocations=34 (full 5):
 PSYoungGen      total 623104K, used 556541K [0x00000000d5580000, 0x00000000ffc00000, 0x0000000100000000)
  eden space 556544K, 99% used [0x00000000d5580000,0x00000000f74ff528,0x00000000f7500000)
  from space 66560K, 0% used [0x00000000fbb00000,0x00000000fbb00000,0x00000000ffc00000)
  to   space 69120K, 0% used [0x00000000f7500000,0x00000000f7500000,0x00000000fb880000)
 ParOldGen       total 326656K, used 144025K [0x0000000080000000, 0x0000000093f00000, 0x00000000d5580000)
  object space 326656K, 44% used [0x0000000080000000,0x0000000088ca66d0,0x0000000093f00000)
 Metaspace       used 113073K, capacity 118936K, committed 120012K, reserved 1153024K
  class space    used 14761K, capacity 15869K, committed 16116K, reserved 1048576K
Event: 1129.600 GC heap after
Heap after GC invocations=34 (full 5):
 PSYoungGen      total 625664K, used 12351K [0x00000000d5580000, 0x00000000ffd80000, 0x0000000100000000)
  eden space 556544K, 0% used [0x00000000d5580000,0x00000000d5580000,0x00000000f7500000)
  from space 69120K, 17% used [0x00000000f7500000,0x00000000f810fe98,0x00000000fb880000)
  to   space 66560K, 0% used [0x00000000fbc80000,0x00000000fbc80000,0x00000000ffd80000)
 ParOldGen       total 326656K, used 144025K [0x0000000080000000, 0x0000000093f00000, 0x00000000d5580000)
  object space 326656K, 44% used [0x0000000080000000,0x0000000088ca66d0,0x0000000093f00000)
 Metaspace       used 113073K, capacity 118936K, committed 120012K, reserved 1153024K
  class space    used 14761K, capacity 15869K, committed 16116K, reserved 1048576K
}
Event: 1137.939 GC heap before
{Heap before GC invocations=35 (full 5):
 PSYoungGen      total 625664K, used 568895K [0x00000000d5580000, 0x00000000ffd80000, 0x0000000100000000)
  eden space 556544K, 100% used [0x00000000d5580000,0x00000000f7500000,0x00000000f7500000)
  from space 69120K, 17% used [0x00000000f7500000,0x00000000f810fe98,0x00000000fb880000)
  to   space 66560K, 0% used [0x00000000fbc80000,0x00000000fbc80000,0x00000000ffd80000)
 ParOldGen       total 326656K, used 144025K [0x0000000080000000, 0x0000000093f00000, 0x00000000d5580000)
  object space 326656K, 44% used [0x0000000080000000,0x0000000088ca66d0,0x0000000093f00000)
 Metaspace       used 114497K, capacity 120550K, committed 121164K, reserved 1155072K
  class space    used 14903K, capacity 16058K, committed 16244K, reserved 1048576K
Event: 1137.981 GC heap after
Heap after GC invocations=35 (full 5):
 PSYoungGen      total 625664K, used 11984K [0x00000000d5580000, 0x00000000ff980000, 0x0000000100000000)
  eden space 563200K, 0% used [0x00000000d5580000,0x00000000d5580000,0x00000000f7b80000)
  from space 62464K, 19% used [0x00000000fbc80000,0x00000000fc8342f8,0x00000000ff980000)
  to   space 64512K, 0% used [0x00000000f7b80000,0x00000000f7b80000,0x00000000fba80000)
 ParOldGen       total 326656K, used 153618K [0x0000000080000000, 0x0000000093f00000, 0x00000000d5580000)
  object space 326656K, 47% used [0x0000000080000000,0x00000000896049c8,0x0000000093f00000)
 Metaspace       used 114497K, capacity 120550K, committed 121164K, reserved 1155072K
  class space    used 14903K, capacity 16058K, committed 16244K, reserved 1048576K
}
Event: 1158.219 GC heap before
{Heap before GC invocations=36 (full 5):
 PSYoungGen      total 625664K, used 575184K [0x00000000d5580000, 0x00000000ff980000, 0x0000000100000000)
  eden space 563200K, 100% used [0x00000000d5580000,0x00000000f7b80000,0x00000000f7b80000)
  from space 62464K, 19% used [0x00000000fbc80000,0x00000000fc8342f8,0x00000000ff980000)
  to   space 64512K, 0% used [0x00000000f7b80000,0x00000000f7b80000,0x00000000fba80000)
 ParOldGen       total 326656K, used 153618K [0x0000000080000000, 0x0000000093f00000, 0x00000000d5580000)
  object space 326656K, 47% used [0x0000000080000000,0x00000000896049c8,0x0000000093f00000)
 Metaspace       used 129051K, capacity 135526K, committed 135756K, reserved 1167360K
  class space    used 16488K, capacity 17751K, committed 17780K, reserved 1048576K
Event: 1158.262 GC heap after
Heap after GC invocations=36 (full 5):
 PSYoungGen      total 627712K, used 30931K [0x00000000d5580000, 0x0000000100000000, 0x0000000100000000)
  eden space 563200K, 0% used [0x00000000d5580000,0x00000000d5580000,0x00000000f7b80000)
  from space 64512K, 47% used [0x00000000f7b80000,0x00000000f99b4ca8,0x00000000fba80000)
  to   space 63488K, 0% used [0x00000000fc200000,0x00000000fc200000,0x0000000100000000)
 ParOldGen       total 326656K, used 161595K [0x0000000080000000, 0x0000000093f00000, 0x00000000d5580000)
  object space 326656K, 49% used [0x0000000080000000,0x0000000089dcef20,0x0000000093f00000)
 Metaspace       used 129051K, capacity 135526K, committed 135756K, reserved 1167360K
  class space    used 16488K, capacity 17751K, committed 17780K, reserved 1048576K
}
Event: 1161.039 GC heap before
{Heap before GC invocations=37 (full 5):
 PSYoungGen      total 627712K, used 588170K [0x00000000d5580000, 0x0000000100000000, 0x0000000100000000)
  eden space 563200K, 98% used [0x00000000d5580000,0x00000000f75adea0,0x00000000f7b80000)
  from space 64512K, 47% used [0x00000000f7b80000,0x00000000f99b4ca8,0x00000000fba80000)
  to   space 63488K, 0% used [0x00000000fc200000,0x00000000fc200000,0x0000000100000000)
 ParOldGen       total 326656K, used 161595K [0x0000000080000000, 0x0000000093f00000, 0x00000000d5580000)
  object space 326656K, 49% used [0x0000000080000000,0x0000000089dcef20,0x0000000093f00000)
 Metaspace       used 130013K, capacity 136716K, committed 136908K, reserved 1169408K
  class space    used 16629K, capacity 17890K, committed 17908K, reserved 1048576K
Event: 1161.083 GC heap after
Heap after GC invocations=37 (full 5):
 PSYoungGen      total 625152K, used 23411K [0x00000000d5580000, 0x00000000ff700000, 0x0000000100000000)
  eden space 570880K, 0% used [0x00000000d5580000,0x00000000d5580000,0x00000000f8300000)
  from space 54272K, 43% used [0x00000000fc200000,0x00000000fd8dcce0,0x00000000ff700000)
  to   space 59392K, 0% used [0x00000000f8300000,0x00000000f8300000,0x00000000fbd00000)
 ParOldGen       total 326656K, used 170019K [0x0000000080000000, 0x0000000093f00000, 0x00000000d5580000)
  object space 326656K, 52% used [0x0000000080000000,0x000000008a608e50,0x0000000093f00000)
 Metaspace       used 130013K, capacity 136716K, committed 136908K, reserved 1169408K
  class space    used 16629K, capacity 17890K, committed 17908K, reserved 1048576K
}

