# JRE version: OpenJDK Runtime Environment (8.0_242-b01) (build 1.8.0_242-release-1644-b01)
# Java VM: OpenJDK 64-Bit Server VM (25.242-b01 mixed mode windows-amd64 compressed oops)
Heap:
 PSYoungGen      total 269824K, used 45331K [0x00000000d5580000, 0x00000000e7580000, 0x0000000100000000)
  eden space 249344K, 9% used [0x00000000d5580000,0x00000000d6dc64f0,0x00000000e4900000)
  from space 20480K, 99% used [0x00000000e4900000,0x00000000e5cfe7b0,0x00000000e5d00000)
  to   space 20992K, 0% used [0x00000000e5d00000,0x00000000e5d00000,0x00000000e7180000)
 ParOldGen       total 106496K, used 37682K [0x0000000080000000, 0x0000000086800000, 0x00000000d5580000)
  object space 106496K, 35% used [0x0000000080000000,0x00000000824cc808,0x0000000086800000)
 Metaspace       used 67812K, capacity 71506K, committed 71704K, reserved 1112064K
  class space    used 9343K, capacity 10020K, committed 10032K, reserved 1048576K
GC Heap History (10 events):
Event: 3.959 GC heap before
{Heap before GC invocations=12 (full 2):
 PSYoungGen      total 138752K, used 126976K [0x00000000d5580000, 0x00000000e2780000, 0x0000000100000000)
  eden space 126976K, 100% used [0x00000000d5580000,0x00000000dd180000,0x00000000dd180000)
  from space 11776K, 0% used [0x00000000dd180000,0x00000000dd180000,0x00000000ddd00000)
  to   space 13312K, 0% used [0x00000000e1a80000,0x00000000e1a80000,0x00000000e2780000)
 ParOldGen       total 68608K, used 17709K [0x0000000080000000, 0x0000000084300000, 0x00000000d5580000)
  object space 68608K, 25% used [0x0000000080000000,0x000000008114b510,0x0000000084300000)
 Metaspace       used 38134K, capacity 39914K, committed 40232K, reserved 1083392K
  class space    used 5257K, capacity 5601K, committed 5680K, reserved 1048576K
Event: 3.968 GC heap after
Heap after GC invocations=12 (full 2):
 PSYoungGen      total 189952K, used 9752K [0x00000000d5580000, 0x00000000e2480000, 0x0000000100000000)
  eden space 179712K, 0% used [0x00000000d5580000,0x00000000d5580000,0x00000000e0500000)
  from space 10240K, 95% used [0x00000000e1a80000,0x00000000e2406250,0x00000000e2480000)
  to   space 13824K, 0% used [0x00000000e0980000,0x00000000e0980000,0x00000000e1700000)
 ParOldGen       total 68608K, used 17717K [0x0000000080000000, 0x0000000084300000, 0x00000000d5580000)
  object space 68608K, 25% used [0x0000000080000000,0x000000008114d510,0x0000000084300000)
 Metaspace       used 38134K, capacity 39914K, committed 40232K, reserved 1083392K
  class space    used 5257K, capacity 5601K, committed 5680K, reserved 1048576K
}
Event: 5.497 GC heap before
{Heap before GC invocations=13 (full 2):
 PSYoungGen      total 189952K, used 189464K [0x00000000d5580000, 0x00000000e2480000, 0x0000000100000000)
  eden space 179712K, 100% used [0x00000000d5580000,0x00000000e0500000,0x00000000e0500000)
  from space 10240K, 95% used [0x00000000e1a80000,0x00000000e2406250,0x00000000e2480000)
  to   space 13824K, 0% used [0x00000000e0980000,0x00000000e0980000,0x00000000e1700000)
 ParOldGen       total 68608K, used 17717K [0x0000000080000000, 0x0000000084300000, 0x00000000d5580000)
  object space 68608K, 25% used [0x0000000080000000,0x000000008114d510,0x0000000084300000)
 Metaspace       used 53680K, capacity 55870K, committed 56104K, reserved 1097728K
  class space    used 7144K, capacity 7613K, committed 7728K, reserved 1048576K
Event: 5.518 GC heap after
Heap after GC invocations=13 (full 2):
 PSYoungGen      total 198144K, used 13794K [0x00000000d5580000, 0x00000000e7180000, 0x0000000100000000)
  eden space 184320K, 0% used [0x00000000d5580000,0x00000000d5580000,0x00000000e0980000)
  from space 13824K, 99% used [0x00000000e0980000,0x00000000e16f89a8,0x00000000e1700000)
  to   space 20992K, 0% used [0x00000000e5d00000,0x00000000e5d00000,0x00000000e7180000)
 ParOldGen       total 68608K, used 32396K [0x0000000080000000, 0x0000000084300000, 0x00000000d5580000)
  object space 68608K, 47% used [0x0000000080000000,0x0000000081fa3280,0x0000000084300000)
 Metaspace       used 53680K, capacity 55870K, committed 56104K, reserved 1097728K
  class space    used 7144K, capacity 7613K, committed 7728K, reserved 1048576K
}
Event: 5.911 GC heap before
{Heap before GC invocations=14 (full 2):
 PSYoungGen      total 198144K, used 43603K [0x00000000d5580000, 0x00000000e7180000, 0x0000000100000000)
  eden space 184320K, 16% used [0x00000000d5580000,0x00000000d729c290,0x00000000e0980000)
  from space 13824K, 99% used [0x00000000e0980000,0x00000000e16f89a8,0x00000000e1700000)
  to   space 20992K, 0% used [0x00000000e5d00000,0x00000000e5d00000,0x00000000e7180000)
 ParOldGen       total 68608K, used 32396K [0x0000000080000000, 0x0000000084300000, 0x00000000d5580000)
  object space 68608K, 47% used [0x0000000080000000,0x0000000081fa3280,0x0000000084300000)
 Metaspace       used 56832K, capacity 59114K, committed 59160K, reserved 1099776K
  class space    used 7718K, capacity 8204K, committed 8240K, reserved 1048576K
Event: 5.926 GC heap after
Heap after GC invocations=14 (full 2):
 PSYoungGen      total 270336K, used 4155K [0x00000000d5580000, 0x00000000e7580000, 0x0000000100000000)
  eden space 249344K, 0% used [0x00000000d5580000,0x00000000d5580000,0x00000000e4900000)
  from space 20992K, 19% used [0x00000000e5d00000,0x00000000e610efc8,0x00000000e7180000)
  to   space 20480K, 0% used [0x00000000e4900000,0x00000000e4900000,0x00000000e5d00000)
 ParOldGen       total 68608K, used 43592K [0x0000000080000000, 0x0000000084300000, 0x00000000d5580000)
  object space 68608K, 63% used [0x0000000080000000,0x0000000082a92018,0x0000000084300000)
 Metaspace       used 56832K, capacity 59114K, committed 59160K, reserved 1099776K
  class space    used 7718K, capacity 8204K, committed 8240K, reserved 1048576K
}
Event: 5.926 GC heap before
{Heap before GC invocations=15 (full 3):
 PSYoungGen      total 270336K, used 4155K [0x00000000d5580000, 0x00000000e7580000, 0x0000000100000000)
  eden space 249344K, 0% used [0x00000000d5580000,0x00000000d5580000,0x00000000e4900000)
  from space 20992K, 19% used [0x00000000e5d00000,0x00000000e610efc8,0x00000000e7180000)
  to   space 20480K, 0% used [0x00000000e4900000,0x00000000e4900000,0x00000000e5d00000)
 ParOldGen       total 68608K, used 43592K [0x0000000080000000, 0x0000000084300000, 0x00000000d5580000)
  object space 68608K, 63% used [0x0000000080000000,0x0000000082a92018,0x0000000084300000)
 Metaspace       used 56832K, capacity 59114K, committed 59160K, reserved 1099776K
  class space    used 7718K, capacity 8204K, committed 8240K, reserved 1048576K
Event: 6.146 GC heap after
Heap after GC invocations=15 (full 3):
 PSYoungGen      total 270336K, used 0K [0x00000000d5580000, 0x00000000e7580000, 0x0000000100000000)
  eden space 249344K, 0% used [0x00000000d5580000,0x00000000d5580000,0x00000000e4900000)
  from space 20992K, 0% used [0x00000000e5d00000,0x00000000e5d00000,0x00000000e7180000)
  to   space 20480K, 0% used [0x00000000e4900000,0x00000000e4900000,0x00000000e5d00000)
 ParOldGen       total 106496K, used 33724K [0x0000000080000000, 0x0000000086800000, 0x00000000d5580000)
  object space 106496K, 31% used [0x0000000080000000,0x00000000820ef298,0x0000000086800000)
 Metaspace       used 56770K, capacity 58904K, committed 59160K, reserved 1099776K
  class space    used 7699K, capacity 8169K, committed 8240K, reserved 1048576K
}
Event: 9.285 GC heap before
{Heap before GC invocations=16 (full 3):
 PSYoungGen      total 270336K, used 249344K [0x00000000d5580000, 0x00000000e7580000, 0x0000000100000000)
  eden space 249344K, 100% used [0x00000000d5580000,0x00000000e4900000,0x00000000e4900000)
  from space 20992K, 0% used [0x00000000e5d00000,0x00000000e5d00000,0x00000000e7180000)
  to   space 20480K, 0% used [0x00000000e4900000,0x00000000e4900000,0x00000000e5d00000)
 ParOldGen       total 106496K, used 33724K [0x0000000080000000, 0x0000000086800000, 0x00000000d5580000)
  object space 106496K, 31% used [0x0000000080000000,0x00000000820ef298,0x0000000086800000)
 Metaspace       used 67501K, capacity 71092K, committed 71192K, reserved 1110016K
  class space    used 9291K, capacity 9953K, committed 10032K, reserved 1048576K
Event: 9.316 GC heap after
Heap after GC invocations=16 (full 3):
 PSYoungGen      total 269824K, used 20473K [0x00000000d5580000, 0x00000000e7580000, 0x0000000100000000)
  eden space 249344K, 0% used [0x00000000d5580000,0x00000000d5580000,0x00000000e4900000)
  from space 20480K, 99% used [0x00000000e4900000,0x00000000e5cfe7b0,0x00000000e5d00000)
  to   space 20992K, 0% used [0x00000000e5d00000,0x00000000e5d00000,0x00000000e7180000)
 ParOldGen       total 106496K, used 37682K [0x0000000080000000, 0x0000000086800000, 0x00000000d5580000)
  object space 106496K, 35% used [0x0000000080000000,0x00000000824cc808,0x0000000086800000)
 Metaspace       used 67501K, capacity 71092K, committed 71192K, reserved 1110016K
  class space    used 9291K, capacity 9953K, committed 10032K, reserved 1048576K
}

